Copyright 1986-2020 Xilinx, Inc. All Rights Reserved.
-----------------------------------------------------------------------------------------------------------------------------------------------------------------------------------
| Tool Version : Vivado v.2020.1.1 (win64) Build 2960000 Wed Aug  5 22:57:20 MDT 2020
| Date         : Sun Nov  8 19:25:07 2020
| Host         : LAPTOP-SKTNOLCK running 64-bit major release  (build 9200)
| Command      : report_methodology -file EE214_Proj7Req3_methodology_drc_routed.rpt -pb EE214_Proj7Req3_methodology_drc_routed.pb -rpx EE214_Proj7Req3_methodology_drc_routed.rpx
| Design       : EE214_Proj7Req3
| Device       : xc7z007sclg400-1
| Speed File   : -1
| Design State : Fully Routed
-----------------------------------------------------------------------------------------------------------------------------------------------------------------------------------

Report Methodology

Table of Contents
-----------------
1. REPORT SUMMARY
2. REPORT DETAILS

1. REPORT SUMMARY
-----------------
            Netlist: netlist
          Floorplan: design_1
      Design limits: <entire design considered>
             Max violations: <unlimited>
             Violations found: 1
+-----------+----------+--------------------------+------------+
| Rule      | Severity | Description              | Violations |
+-----------+----------+--------------------------+------------+
| TIMING-23 | Warning  | Combinational loop found | 1          |
+-----------+----------+--------------------------+------------+

2. REPORT DETAILS
-----------------
TIMING-23#1 Warning
Combinational loop found  
A timing loop has been detected on a combinational path. A timing arc has been disabled between Q_OBUF_inst_i_1/I0 and Q_OBUF_inst_i_1/O to disable the timing loop
Related violations: <none>


