Copyright 1986-2020 Xilinx, Inc. All Rights Reserved.
------------------------------------------------------------------------------------------------------------------------
| Tool Version : Vivado v.2020.1.1 (win64) Build 2960000 Wed Aug  5 22:57:20 MDT 2020
| Date         : Thu Sep  3 15:18:51 2020
| Host         : LAPTOP-SKTNOLCK running 64-bit major release  (build 9200)
| Command      : report_drc -file Proj1_Req3_drc_routed.rpt -pb Proj1_Req3_drc_routed.pb -rpx Proj1_Req3_drc_routed.rpx
| Design       : Proj1_Req3
| Device       : xc7z007sclg400-1
| Speed File   : -1
| Design State : Fully Routed
------------------------------------------------------------------------------------------------------------------------

Report DRC

Table of Contents
-----------------
1. REPORT SUMMARY
2. REPORT DETAILS

1. REPORT SUMMARY
-----------------
            Netlist: netlist
          Floorplan: design_1
      Design limits: <entire design considered>
           Ruledeck: default
             Max violations: <unlimited>
             Violations found: 1
+--------+----------+--------------------+------------+
| Rule   | Severity | Description        | Violations |
+--------+----------+--------------------+------------+
| ZPS7-1 | Warning  | PS7 block required | 1          |
+--------+----------+--------------------+------------+

2. REPORT DETAILS
-----------------
ZPS7-1#1 Warning
PS7 block required  
The PS7 cell must be used in this Zynq design in order to enable correct default configuration.
Related violations: <none>


