TRACE::2021-04-14.21:35:04::SCWBifWriter::Found the complete platform D:/Workspace/blackboard_bist/export/blackboard_bist/blackboard_bist.xpfm
TRACE::2021-04-14.21:35:04::SCWBifWriter::hardware databse : system_wrapper_0
TRACE::2021-04-14.21:35:04::SCWBifWriter::bitstream found in the design
TRACE::2021-04-14.21:35:04::SCWBifWriter::Found a baremetal domain, proc: ps7_cortexa9_0
TRACE::2021-04-14.21:35:04::SCWBifWriter::proc type : 
TRACE::2021-04-14.21:35:04::SCWBifWriter::proc[0] : ps7_cortexa9_0
TRACE::2021-04-14.21:35:04::SCWBifWriter::Device type is : zynq
TRACE::2021-04-14.21:35:04::SCWBifWriter::Writing BIF to file : D:/Workspace/EE234_proj4req5_system/Debug/system.bif
TRACE::2021-04-14.21:35:04::SCWBifWriter::Writing the Zynq Baremetal bif 
TRACE::2021-04-14.22:15:08::SCWBifWriter::Found the complete platform D:/Workspace/blackboard_bist/export/blackboard_bist/blackboard_bist.xpfm
TRACE::2021-04-14.22:15:08::SCWBifWriter::hardware databse : system_wrapper_0
TRACE::2021-04-14.22:15:08::SCWBifWriter::bitstream found in the design
TRACE::2021-04-14.22:15:08::SCWBifWriter::Found a baremetal domain, proc: ps7_cortexa9_0
TRACE::2021-04-14.22:15:08::SCWBifWriter::proc type : 
TRACE::2021-04-14.22:15:08::SCWBifWriter::proc[0] : ps7_cortexa9_0
TRACE::2021-04-14.22:15:08::SCWBifWriter::Device type is : zynq
TRACE::2021-04-14.22:15:08::SCWBifWriter::Writing BIF to file : D:/Workspace/EE234_proj4req5_system/Debug/system.bif
TRACE::2021-04-14.22:15:08::SCWBifWriter::Writing the Zynq Baremetal bif 
TRACE::2021-04-14.22:34:33::SCWBifWriter::Found the complete platform D:/Workspace/blackboard_bist/export/blackboard_bist/blackboard_bist.xpfm
TRACE::2021-04-14.22:34:33::SCWBifWriter::hardware databse : system_wrapper_0
TRACE::2021-04-14.22:34:33::SCWBifWriter::bitstream found in the design
TRACE::2021-04-14.22:34:33::SCWBifWriter::Found a baremetal domain, proc: ps7_cortexa9_0
TRACE::2021-04-14.22:34:33::SCWBifWriter::proc type : 
TRACE::2021-04-14.22:34:33::SCWBifWriter::proc[0] : ps7_cortexa9_0
TRACE::2021-04-14.22:34:33::SCWBifWriter::Device type is : zynq
TRACE::2021-04-14.22:34:33::SCWBifWriter::Writing BIF to file : D:/Workspace/EE234_proj4req5_system/Debug/system.bif
TRACE::2021-04-14.22:34:33::SCWBifWriter::Writing the Zynq Baremetal bif 
TRACE::2021-04-14.22:36:47::SCWBifWriter::Found the complete platform D:/Workspace/blackboard_bist/export/blackboard_bist/blackboard_bist.xpfm
TRACE::2021-04-14.22:36:47::SCWBifWriter::hardware databse : system_wrapper_0
TRACE::2021-04-14.22:36:47::SCWBifWriter::bitstream found in the design
TRACE::2021-04-14.22:36:47::SCWBifWriter::Found a baremetal domain, proc: ps7_cortexa9_0
TRACE::2021-04-14.22:36:47::SCWBifWriter::proc type : 
TRACE::2021-04-14.22:36:47::SCWBifWriter::proc[0] : ps7_cortexa9_0
TRACE::2021-04-14.22:36:47::SCWBifWriter::Device type is : zynq
TRACE::2021-04-14.22:36:47::SCWBifWriter::Writing BIF to file : D:/Workspace/EE234_proj4req5_system/Debug/system.bif
TRACE::2021-04-14.22:36:47::SCWBifWriter::Writing the Zynq Baremetal bif 
TRACE::2021-04-14.23:01:22::SCWBifWriter::Found the complete platform D:/Workspace/blackboard_bist/export/blackboard_bist/blackboard_bist.xpfm
TRACE::2021-04-14.23:01:22::SCWBifWriter::hardware databse : system_wrapper_0
TRACE::2021-04-14.23:01:22::SCWBifWriter::bitstream found in the design
TRACE::2021-04-14.23:01:22::SCWBifWriter::Found a baremetal domain, proc: ps7_cortexa9_0
TRACE::2021-04-14.23:01:22::SCWBifWriter::proc type : 
TRACE::2021-04-14.23:01:22::SCWBifWriter::proc[0] : ps7_cortexa9_0
TRACE::2021-04-14.23:01:22::SCWBifWriter::Device type is : zynq
TRACE::2021-04-14.23:01:22::SCWBifWriter::Writing BIF to file : D:/Workspace/EE234_proj4req5_system/Debug/system.bif
TRACE::2021-04-14.23:01:22::SCWBifWriter::Writing the Zynq Baremetal bif 
TRACE::2021-04-15.09:43:18::SCWBifWriter::Found the complete platform D:/Workspace/blackboard_bist/export/blackboard_bist/blackboard_bist.xpfm
TRACE::2021-04-15.09:43:18::SCWBifWriter::hardware databse : system_wrapper_0
TRACE::2021-04-15.09:43:18::SCWBifWriter::bitstream found in the design
TRACE::2021-04-15.09:43:18::SCWBifWriter::Found a baremetal domain, proc: ps7_cortexa9_0
TRACE::2021-04-15.09:43:18::SCWBifWriter::proc type : 
TRACE::2021-04-15.09:43:18::SCWBifWriter::proc[0] : ps7_cortexa9_0
TRACE::2021-04-15.09:43:18::SCWBifWriter::Device type is : zynq
TRACE::2021-04-15.09:43:18::SCWBifWriter::Writing BIF to file : D:/Workspace/EE234_proj4req5_system/Debug/system.bif
TRACE::2021-04-15.09:43:18::SCWBifWriter::Writing the Zynq Baremetal bif 
TRACE::2021-04-15.09:58:15::SCWBifWriter::Found the complete platform D:/Workspace/blackboard_bist/export/blackboard_bist/blackboard_bist.xpfm
TRACE::2021-04-15.09:58:15::SCWBifWriter::hardware databse : system_wrapper_0
TRACE::2021-04-15.09:58:15::SCWBifWriter::bitstream found in the design
TRACE::2021-04-15.09:58:15::SCWBifWriter::Found a baremetal domain, proc: ps7_cortexa9_0
TRACE::2021-04-15.09:58:15::SCWBifWriter::proc type : 
TRACE::2021-04-15.09:58:15::SCWBifWriter::proc[0] : ps7_cortexa9_0
TRACE::2021-04-15.09:58:15::SCWBifWriter::Device type is : zynq
TRACE::2021-04-15.09:58:15::SCWBifWriter::Writing BIF to file : D:/Workspace/EE234_proj4req5_system/Debug/system.bif
TRACE::2021-04-15.09:58:15::SCWBifWriter::Writing the Zynq Baremetal bif 
TRACE::2021-04-15.10:06:49::SCWBifWriter::Found the complete platform D:/Workspace/blackboard_bist/export/blackboard_bist/blackboard_bist.xpfm
TRACE::2021-04-15.10:06:49::SCWBifWriter::hardware databse : system_wrapper_0
TRACE::2021-04-15.10:06:49::SCWBifWriter::bitstream found in the design
TRACE::2021-04-15.10:06:49::SCWBifWriter::Found a baremetal domain, proc: ps7_cortexa9_0
TRACE::2021-04-15.10:06:49::SCWBifWriter::proc type : 
TRACE::2021-04-15.10:06:49::SCWBifWriter::proc[0] : ps7_cortexa9_0
TRACE::2021-04-15.10:06:49::SCWBifWriter::Device type is : zynq
TRACE::2021-04-15.10:06:49::SCWBifWriter::Writing BIF to file : D:/Workspace/EE234_proj4req5_system/Debug/system.bif
TRACE::2021-04-15.10:06:49::SCWBifWriter::Writing the Zynq Baremetal bif 
TRACE::2021-04-15.10:34:42::SCWBifWriter::Found the complete platform D:/Workspace/blackboard_bist/export/blackboard_bist/blackboard_bist.xpfm
TRACE::2021-04-15.10:34:42::SCWBifWriter::hardware databse : system_wrapper_0
TRACE::2021-04-15.10:34:42::SCWBifWriter::bitstream found in the design
TRACE::2021-04-15.10:34:42::SCWBifWriter::Found a baremetal domain, proc: ps7_cortexa9_0
TRACE::2021-04-15.10:34:42::SCWBifWriter::proc type : 
TRACE::2021-04-15.10:34:42::SCWBifWriter::proc[0] : ps7_cortexa9_0
TRACE::2021-04-15.10:34:42::SCWBifWriter::Device type is : zynq
TRACE::2021-04-15.10:34:42::SCWBifWriter::Writing BIF to file : D:/Workspace/EE234_proj4req5_system/Debug/system.bif
TRACE::2021-04-15.10:34:42::SCWBifWriter::Writing the Zynq Baremetal bif 
TRACE::2021-04-15.10:47:21::SCWBifWriter::Found the complete platform D:/Workspace/blackboard_bist/export/blackboard_bist/blackboard_bist.xpfm
TRACE::2021-04-15.10:47:21::SCWBifWriter::hardware databse : system_wrapper_0
TRACE::2021-04-15.10:47:21::SCWBifWriter::bitstream found in the design
TRACE::2021-04-15.10:47:21::SCWBifWriter::Found a baremetal domain, proc: ps7_cortexa9_0
TRACE::2021-04-15.10:47:21::SCWBifWriter::proc type : 
TRACE::2021-04-15.10:47:21::SCWBifWriter::proc[0] : ps7_cortexa9_0
TRACE::2021-04-15.10:47:21::SCWBifWriter::Device type is : zynq
TRACE::2021-04-15.10:47:21::SCWBifWriter::Writing BIF to file : D:/Workspace/EE234_proj4req5_system/Debug/system.bif
TRACE::2021-04-15.10:47:21::SCWBifWriter::Writing the Zynq Baremetal bif 
TRACE::2021-04-15.11:03:19::SCWBifWriter::Found the complete platform D:/Workspace/blackboard_bist/export/blackboard_bist/blackboard_bist.xpfm
TRACE::2021-04-15.11:03:19::SCWBifWriter::hardware databse : system_wrapper_0
TRACE::2021-04-15.11:03:19::SCWBifWriter::bitstream found in the design
TRACE::2021-04-15.11:03:19::SCWBifWriter::Found a baremetal domain, proc: ps7_cortexa9_0
TRACE::2021-04-15.11:03:19::SCWBifWriter::proc type : 
TRACE::2021-04-15.11:03:19::SCWBifWriter::proc[0] : ps7_cortexa9_0
TRACE::2021-04-15.11:03:19::SCWBifWriter::Device type is : zynq
TRACE::2021-04-15.11:03:19::SCWBifWriter::Writing BIF to file : D:/Workspace/EE234_proj4req5_system/Debug/system.bif
TRACE::2021-04-15.11:03:19::SCWBifWriter::Writing the Zynq Baremetal bif 
TRACE::2021-04-15.11:15:34::SCWBifWriter::Found the complete platform D:/Workspace/blackboard_bist/export/blackboard_bist/blackboard_bist.xpfm
TRACE::2021-04-15.11:15:34::SCWBifWriter::hardware databse : system_wrapper_0
TRACE::2021-04-15.11:15:34::SCWBifWriter::bitstream found in the design
TRACE::2021-04-15.11:15:34::SCWBifWriter::Found a baremetal domain, proc: ps7_cortexa9_0
TRACE::2021-04-15.11:15:34::SCWBifWriter::proc type : 
TRACE::2021-04-15.11:15:34::SCWBifWriter::proc[0] : ps7_cortexa9_0
TRACE::2021-04-15.11:15:34::SCWBifWriter::Device type is : zynq
TRACE::2021-04-15.11:15:34::SCWBifWriter::Writing BIF to file : D:/Workspace/EE234_proj4req5_system/Debug/system.bif
TRACE::2021-04-15.11:15:34::SCWBifWriter::Writing the Zynq Baremetal bif 
TRACE::2021-04-15.11:18:26::SCWBifWriter::Found the complete platform D:/Workspace/blackboard_bist/export/blackboard_bist/blackboard_bist.xpfm
TRACE::2021-04-15.11:18:26::SCWBifWriter::hardware databse : system_wrapper_0
TRACE::2021-04-15.11:18:26::SCWBifWriter::bitstream found in the design
TRACE::2021-04-15.11:18:26::SCWBifWriter::Found a baremetal domain, proc: ps7_cortexa9_0
TRACE::2021-04-15.11:18:26::SCWBifWriter::proc type : 
TRACE::2021-04-15.11:18:26::SCWBifWriter::proc[0] : ps7_cortexa9_0
TRACE::2021-04-15.11:18:26::SCWBifWriter::Device type is : zynq
TRACE::2021-04-15.11:18:26::SCWBifWriter::Writing BIF to file : D:/Workspace/EE234_proj4req5_system/Debug/system.bif
TRACE::2021-04-15.11:18:26::SCWBifWriter::Writing the Zynq Baremetal bif 
TRACE::2021-04-15.11:24:40::SCWBifWriter::Found the complete platform D:/Workspace/blackboard_bist/export/blackboard_bist/blackboard_bist.xpfm
TRACE::2021-04-15.11:24:40::SCWBifWriter::hardware databse : system_wrapper_0
TRACE::2021-04-15.11:24:40::SCWBifWriter::bitstream found in the design
TRACE::2021-04-15.11:24:40::SCWBifWriter::Found a baremetal domain, proc: ps7_cortexa9_0
TRACE::2021-04-15.11:24:40::SCWBifWriter::proc type : 
TRACE::2021-04-15.11:24:40::SCWBifWriter::proc[0] : ps7_cortexa9_0
TRACE::2021-04-15.11:24:40::SCWBifWriter::Device type is : zynq
TRACE::2021-04-15.11:24:40::SCWBifWriter::Writing BIF to file : D:/Workspace/EE234_proj4req5_system/Debug/system.bif
TRACE::2021-04-15.11:24:40::SCWBifWriter::Writing the Zynq Baremetal bif 
TRACE::2021-04-15.11:32:49::SCWBifWriter::Found the complete platform D:/Workspace/blackboard_bist/export/blackboard_bist/blackboard_bist.xpfm
TRACE::2021-04-15.11:32:49::SCWBifWriter::hardware databse : system_wrapper_0
TRACE::2021-04-15.11:32:49::SCWBifWriter::bitstream found in the design
TRACE::2021-04-15.11:32:49::SCWBifWriter::Found a baremetal domain, proc: ps7_cortexa9_0
TRACE::2021-04-15.11:32:49::SCWBifWriter::proc type : 
TRACE::2021-04-15.11:32:49::SCWBifWriter::proc[0] : ps7_cortexa9_0
TRACE::2021-04-15.11:32:49::SCWBifWriter::Device type is : zynq
TRACE::2021-04-15.11:32:49::SCWBifWriter::Writing BIF to file : D:/Workspace/EE234_proj4req5_system/Debug/system.bif
TRACE::2021-04-15.11:32:49::SCWBifWriter::Writing the Zynq Baremetal bif 
TRACE::2021-04-15.11:35:14::SCWBifWriter::Found the complete platform D:/Workspace/blackboard_bist/export/blackboard_bist/blackboard_bist.xpfm
TRACE::2021-04-15.11:35:14::SCWBifWriter::hardware databse : system_wrapper_0
TRACE::2021-04-15.11:35:14::SCWBifWriter::bitstream found in the design
TRACE::2021-04-15.11:35:14::SCWBifWriter::Found a baremetal domain, proc: ps7_cortexa9_0
TRACE::2021-04-15.11:35:14::SCWBifWriter::proc type : 
TRACE::2021-04-15.11:35:14::SCWBifWriter::proc[0] : ps7_cortexa9_0
TRACE::2021-04-15.11:35:14::SCWBifWriter::Device type is : zynq
TRACE::2021-04-15.11:35:14::SCWBifWriter::Writing BIF to file : D:/Workspace/EE234_proj4req5_system/Debug/system.bif
TRACE::2021-04-15.11:35:14::SCWBifWriter::Writing the Zynq Baremetal bif 
TRACE::2021-04-15.11:41:07::SCWBifWriter::Found the complete platform D:/Workspace/blackboard_bist/export/blackboard_bist/blackboard_bist.xpfm
TRACE::2021-04-15.11:41:07::SCWBifWriter::hardware databse : system_wrapper_0
TRACE::2021-04-15.11:41:07::SCWBifWriter::bitstream found in the design
TRACE::2021-04-15.11:41:07::SCWBifWriter::Found a baremetal domain, proc: ps7_cortexa9_0
TRACE::2021-04-15.11:41:07::SCWBifWriter::proc type : 
TRACE::2021-04-15.11:41:07::SCWBifWriter::proc[0] : ps7_cortexa9_0
TRACE::2021-04-15.11:41:07::SCWBifWriter::Device type is : zynq
TRACE::2021-04-15.11:41:07::SCWBifWriter::Writing BIF to file : D:/Workspace/EE234_proj4req5_system/Debug/system.bif
TRACE::2021-04-15.11:41:07::SCWBifWriter::Writing the Zynq Baremetal bif 
TRACE::2021-04-15.11:41:53::SCWBifWriter::Found the complete platform D:/Workspace/blackboard_bist/export/blackboard_bist/blackboard_bist.xpfm
TRACE::2021-04-15.11:41:53::SCWBifWriter::hardware databse : system_wrapper_0
TRACE::2021-04-15.11:41:53::SCWBifWriter::bitstream found in the design
TRACE::2021-04-15.11:41:53::SCWBifWriter::Found a baremetal domain, proc: ps7_cortexa9_0
TRACE::2021-04-15.11:41:53::SCWBifWriter::proc type : 
TRACE::2021-04-15.11:41:53::SCWBifWriter::proc[0] : ps7_cortexa9_0
TRACE::2021-04-15.11:41:53::SCWBifWriter::Device type is : zynq
TRACE::2021-04-15.11:41:53::SCWBifWriter::Writing BIF to file : D:/Workspace/EE234_proj4req5_system/Debug/system.bif
TRACE::2021-04-15.11:41:53::SCWBifWriter::Writing the Zynq Baremetal bif 
TRACE::2021-04-15.11:43:28::SCWBifWriter::Found the complete platform D:/Workspace/blackboard_bist/export/blackboard_bist/blackboard_bist.xpfm
TRACE::2021-04-15.11:43:28::SCWBifWriter::hardware databse : system_wrapper_0
TRACE::2021-04-15.11:43:28::SCWBifWriter::bitstream found in the design
TRACE::2021-04-15.11:43:28::SCWBifWriter::Found a baremetal domain, proc: ps7_cortexa9_0
TRACE::2021-04-15.11:43:28::SCWBifWriter::proc type : 
TRACE::2021-04-15.11:43:28::SCWBifWriter::proc[0] : ps7_cortexa9_0
TRACE::2021-04-15.11:43:28::SCWBifWriter::Device type is : zynq
TRACE::2021-04-15.11:43:28::SCWBifWriter::Writing BIF to file : D:/Workspace/EE234_proj4req5_system/Debug/system.bif
TRACE::2021-04-15.11:43:28::SCWBifWriter::Writing the Zynq Baremetal bif 
TRACE::2021-04-15.11:46:18::SCWBifWriter::Found the complete platform D:/Workspace/blackboard_bist/export/blackboard_bist/blackboard_bist.xpfm
TRACE::2021-04-15.11:46:18::SCWBifWriter::hardware databse : system_wrapper_0
TRACE::2021-04-15.11:46:18::SCWBifWriter::bitstream found in the design
TRACE::2021-04-15.11:46:18::SCWBifWriter::Found a baremetal domain, proc: ps7_cortexa9_0
TRACE::2021-04-15.11:46:18::SCWBifWriter::proc type : 
TRACE::2021-04-15.11:46:18::SCWBifWriter::proc[0] : ps7_cortexa9_0
TRACE::2021-04-15.11:46:18::SCWBifWriter::Device type is : zynq
TRACE::2021-04-15.11:46:18::SCWBifWriter::Writing BIF to file : D:/Workspace/EE234_proj4req5_system/Debug/system.bif
TRACE::2021-04-15.11:46:18::SCWBifWriter::Writing the Zynq Baremetal bif 
TRACE::2021-04-15.11:50:29::SCWBifWriter::Found the complete platform D:/Workspace/blackboard_bist/export/blackboard_bist/blackboard_bist.xpfm
TRACE::2021-04-15.11:50:29::SCWBifWriter::hardware databse : system_wrapper_0
TRACE::2021-04-15.11:50:29::SCWBifWriter::bitstream found in the design
TRACE::2021-04-15.11:50:29::SCWBifWriter::Found a baremetal domain, proc: ps7_cortexa9_0
TRACE::2021-04-15.11:50:29::SCWBifWriter::proc type : 
TRACE::2021-04-15.11:50:29::SCWBifWriter::proc[0] : ps7_cortexa9_0
TRACE::2021-04-15.11:50:29::SCWBifWriter::Device type is : zynq
TRACE::2021-04-15.11:50:29::SCWBifWriter::Writing BIF to file : D:/Workspace/EE234_proj4req5_system/Debug/system.bif
TRACE::2021-04-15.11:50:29::SCWBifWriter::Writing the Zynq Baremetal bif 
TRACE::2021-04-15.15:55:43::SCWBifWriter::Found the complete platform D:/Workspace/blackboard_bist/export/blackboard_bist/blackboard_bist.xpfm
TRACE::2021-04-15.15:55:43::SCWBifWriter::hardware databse : system_wrapper_0
TRACE::2021-04-15.15:55:43::SCWBifWriter::bitstream found in the design
TRACE::2021-04-15.15:55:43::SCWBifWriter::Found a baremetal domain, proc: ps7_cortexa9_0
TRACE::2021-04-15.15:55:43::SCWBifWriter::proc type : 
TRACE::2021-04-15.15:55:43::SCWBifWriter::proc[0] : ps7_cortexa9_0
TRACE::2021-04-15.15:55:43::SCWBifWriter::Device type is : zynq
TRACE::2021-04-15.15:55:43::SCWBifWriter::Writing BIF to file : D:/Workspace/EE234_proj4req5_system/Debug/system.bif
TRACE::2021-04-15.15:55:43::SCWBifWriter::Writing the Zynq Baremetal bif 
TRACE::2021-04-15.16:03:38::SCWBifWriter::Found the complete platform D:/Workspace/blackboard_bist/export/blackboard_bist/blackboard_bist.xpfm
TRACE::2021-04-15.16:03:38::SCWBifWriter::hardware databse : system_wrapper_0
TRACE::2021-04-15.16:03:38::SCWBifWriter::bitstream found in the design
TRACE::2021-04-15.16:03:38::SCWBifWriter::Found a baremetal domain, proc: ps7_cortexa9_0
TRACE::2021-04-15.16:03:38::SCWBifWriter::proc type : 
TRACE::2021-04-15.16:03:38::SCWBifWriter::proc[0] : ps7_cortexa9_0
TRACE::2021-04-15.16:03:38::SCWBifWriter::Device type is : zynq
TRACE::2021-04-15.16:03:38::SCWBifWriter::Writing BIF to file : D:/Workspace/EE234_proj4req5_system/Debug/system.bif
TRACE::2021-04-15.16:03:38::SCWBifWriter::Writing the Zynq Baremetal bif 
TRACE::2021-04-15.16:04:58::SCWBifWriter::Found the complete platform D:/Workspace/blackboard_bist/export/blackboard_bist/blackboard_bist.xpfm
TRACE::2021-04-15.16:04:58::SCWBifWriter::hardware databse : system_wrapper_0
TRACE::2021-04-15.16:04:58::SCWBifWriter::bitstream found in the design
TRACE::2021-04-15.16:04:58::SCWBifWriter::Found a baremetal domain, proc: ps7_cortexa9_0
TRACE::2021-04-15.16:04:58::SCWBifWriter::proc type : 
TRACE::2021-04-15.16:04:58::SCWBifWriter::proc[0] : ps7_cortexa9_0
TRACE::2021-04-15.16:04:58::SCWBifWriter::Device type is : zynq
TRACE::2021-04-15.16:04:58::SCWBifWriter::Writing BIF to file : D:/Workspace/EE234_proj4req5_system/Debug/system.bif
TRACE::2021-04-15.16:04:58::SCWBifWriter::Writing the Zynq Baremetal bif 
TRACE::2021-04-15.16:16:49::SCWBifWriter::Found the complete platform D:/Workspace/blackboard_bist/export/blackboard_bist/blackboard_bist.xpfm
TRACE::2021-04-15.16:16:49::SCWBifWriter::hardware databse : system_wrapper_0
TRACE::2021-04-15.16:16:49::SCWBifWriter::bitstream found in the design
TRACE::2021-04-15.16:16:49::SCWBifWriter::Found a baremetal domain, proc: ps7_cortexa9_0
TRACE::2021-04-15.16:16:49::SCWBifWriter::proc type : 
TRACE::2021-04-15.16:16:49::SCWBifWriter::proc[0] : ps7_cortexa9_0
TRACE::2021-04-15.16:16:49::SCWBifWriter::Device type is : zynq
TRACE::2021-04-15.16:16:49::SCWBifWriter::Writing BIF to file : D:/Workspace/EE234_proj4req5_system/Debug/system.bif
TRACE::2021-04-15.16:16:49::SCWBifWriter::Writing the Zynq Baremetal bif 
TRACE::2021-04-15.16:26:20::SCWBifWriter::Found the complete platform D:/Workspace/blackboard_bist/export/blackboard_bist/blackboard_bist.xpfm
TRACE::2021-04-15.16:26:20::SCWBifWriter::hardware databse : system_wrapper_0
TRACE::2021-04-15.16:26:20::SCWBifWriter::bitstream found in the design
TRACE::2021-04-15.16:26:20::SCWBifWriter::Found a baremetal domain, proc: ps7_cortexa9_0
TRACE::2021-04-15.16:26:20::SCWBifWriter::proc type : 
TRACE::2021-04-15.16:26:20::SCWBifWriter::proc[0] : ps7_cortexa9_0
TRACE::2021-04-15.16:26:20::SCWBifWriter::Device type is : zynq
TRACE::2021-04-15.16:26:20::SCWBifWriter::Writing BIF to file : D:/Workspace/EE234_proj4req5_system/Debug/system.bif
TRACE::2021-04-15.16:26:20::SCWBifWriter::Writing the Zynq Baremetal bif 
TRACE::2021-04-16.22:48:08::SCWBifWriter::Found the complete platform D:/Workspace/blackboard_bist/export/blackboard_bist/blackboard_bist.xpfm
TRACE::2021-04-16.22:48:08::SCWBifWriter::hardware databse : system_wrapper_0
TRACE::2021-04-16.22:48:08::SCWBifWriter::bitstream found in the design
TRACE::2021-04-16.22:48:08::SCWBifWriter::Found a baremetal domain, proc: ps7_cortexa9_0
TRACE::2021-04-16.22:48:08::SCWBifWriter::proc type : 
TRACE::2021-04-16.22:48:08::SCWBifWriter::proc[0] : ps7_cortexa9_0
TRACE::2021-04-16.22:48:08::SCWBifWriter::Device type is : zynq
TRACE::2021-04-16.22:48:08::SCWBifWriter::Writing BIF to file : D:/Workspace/EE234_proj4req5_system/Debug/system.bif
TRACE::2021-04-16.22:48:08::SCWBifWriter::Writing the Zynq Baremetal bif 
TRACE::2021-04-17.13:56:41::SCWBifWriter::Found the complete platform D:/Workspace/blackboard_bist/export/blackboard_bist/blackboard_bist.xpfm
TRACE::2021-04-17.13:56:41::SCWBifWriter::hardware databse : system_wrapper
TRACE::2021-04-17.13:56:41::SCWBifWriter::bitstream found in the design
TRACE::2021-04-17.13:56:41::SCWBifWriter::Found a baremetal domain, proc: ps7_cortexa9_0
TRACE::2021-04-17.13:56:41::SCWBifWriter::proc type : 
TRACE::2021-04-17.13:56:41::SCWBifWriter::proc[0] : ps7_cortexa9_0
TRACE::2021-04-17.13:56:41::SCWBifWriter::Device type is : zynq
TRACE::2021-04-17.13:56:41::SCWBifWriter::Writing BIF to file : D:/Workspace/EE234_proj4req5_system/Debug/system.bif
TRACE::2021-04-17.13:56:41::SCWBifWriter::Writing the Zynq Baremetal bif 
TRACE::2021-04-17.17:29:38::SCWBifWriter::Found the complete platform D:/Workspace/blackboard_bist/export/blackboard_bist/blackboard_bist.xpfm
TRACE::2021-04-17.17:29:38::SCWBifWriter::hardware databse : system_wrapper
TRACE::2021-04-17.17:29:38::SCWBifWriter::bitstream found in the design
TRACE::2021-04-17.17:29:38::SCWBifWriter::Found a baremetal domain, proc: ps7_cortexa9_0
TRACE::2021-04-17.17:29:38::SCWBifWriter::proc type : 
TRACE::2021-04-17.17:29:38::SCWBifWriter::proc[0] : ps7_cortexa9_0
TRACE::2021-04-17.17:29:38::SCWBifWriter::Device type is : zynq
TRACE::2021-04-17.17:29:38::SCWBifWriter::Writing BIF to file : D:/Workspace/EE234_proj4req5_system/Debug/system.bif
TRACE::2021-04-17.17:29:38::SCWBifWriter::Writing the Zynq Baremetal bif 
TRACE::2021-04-17.18:25:09::SCWBifWriter::Found the complete platform D:/Workspace/blackboard_bist/export/blackboard_bist/blackboard_bist.xpfm
TRACE::2021-04-17.18:25:09::SCWBifWriter::hardware databse : system_wrapper
TRACE::2021-04-17.18:25:09::SCWBifWriter::bitstream found in the design
TRACE::2021-04-17.18:25:09::SCWBifWriter::Found a baremetal domain, proc: ps7_cortexa9_0
TRACE::2021-04-17.18:25:09::SCWBifWriter::proc type : 
TRACE::2021-04-17.18:25:09::SCWBifWriter::proc[0] : ps7_cortexa9_0
TRACE::2021-04-17.18:25:09::SCWBifWriter::Device type is : zynq
TRACE::2021-04-17.18:25:09::SCWBifWriter::Writing BIF to file : D:/Workspace/EE234_proj4req5_system/Debug/system.bif
TRACE::2021-04-17.18:25:09::SCWBifWriter::Writing the Zynq Baremetal bif 
TRACE::2021-04-17.18:45:25::SCWBifWriter::Found the complete platform D:/Workspace/blackboard_bist/export/blackboard_bist/blackboard_bist.xpfm
TRACE::2021-04-17.18:45:25::SCWBifWriter::hardware databse : system_wrapper
TRACE::2021-04-17.18:45:25::SCWBifWriter::bitstream found in the design
TRACE::2021-04-17.18:45:25::SCWBifWriter::Found a baremetal domain, proc: ps7_cortexa9_0
TRACE::2021-04-17.18:45:25::SCWBifWriter::proc type : 
TRACE::2021-04-17.18:45:25::SCWBifWriter::proc[0] : ps7_cortexa9_0
TRACE::2021-04-17.18:45:25::SCWBifWriter::Device type is : zynq
TRACE::2021-04-17.18:45:25::SCWBifWriter::Writing BIF to file : D:/Workspace/EE234_proj4req5_system/Debug/system.bif
TRACE::2021-04-17.18:45:25::SCWBifWriter::Writing the Zynq Baremetal bif 
TRACE::2021-04-17.20:00:28::SCWBifWriter::Found the complete platform D:/Workspace/blackboard_bist/export/blackboard_bist/blackboard_bist.xpfm
TRACE::2021-04-17.20:00:28::SCWBifWriter::hardware databse : system_wrapper
TRACE::2021-04-17.20:00:28::SCWBifWriter::bitstream found in the design
TRACE::2021-04-17.20:00:28::SCWBifWriter::Found a baremetal domain, proc: ps7_cortexa9_0
TRACE::2021-04-17.20:00:28::SCWBifWriter::proc type : 
TRACE::2021-04-17.20:00:28::SCWBifWriter::proc[0] : ps7_cortexa9_0
TRACE::2021-04-17.20:00:28::SCWBifWriter::Device type is : zynq
TRACE::2021-04-17.20:00:28::SCWBifWriter::Writing BIF to file : D:/Workspace/EE234_proj4req5_system/Debug/system.bif
TRACE::2021-04-17.20:00:28::SCWBifWriter::Writing the Zynq Baremetal bif 
TRACE::2021-04-17.20:01:43::SCWBifWriter::Found the complete platform D:/Workspace/blackboard_bist/export/blackboard_bist/blackboard_bist.xpfm
TRACE::2021-04-17.20:01:43::SCWBifWriter::hardware databse : system_wrapper
TRACE::2021-04-17.20:01:43::SCWBifWriter::bitstream found in the design
TRACE::2021-04-17.20:01:43::SCWBifWriter::Found a baremetal domain, proc: ps7_cortexa9_0
TRACE::2021-04-17.20:01:43::SCWBifWriter::proc type : 
TRACE::2021-04-17.20:01:43::SCWBifWriter::proc[0] : ps7_cortexa9_0
TRACE::2021-04-17.20:01:43::SCWBifWriter::Device type is : zynq
TRACE::2021-04-17.20:01:43::SCWBifWriter::Writing BIF to file : D:/Workspace/EE234_proj4req5_system/Debug/system.bif
TRACE::2021-04-17.20:01:43::SCWBifWriter::Writing the Zynq Baremetal bif 
TRACE::2021-04-17.20:06:17::SCWBifWriter::Found the complete platform D:/Workspace/blackboard_bist/export/blackboard_bist/blackboard_bist.xpfm
TRACE::2021-04-17.20:06:17::SCWBifWriter::hardware databse : system_wrapper
TRACE::2021-04-17.20:06:17::SCWBifWriter::bitstream found in the design
TRACE::2021-04-17.20:06:17::SCWBifWriter::Found a baremetal domain, proc: ps7_cortexa9_0
TRACE::2021-04-17.20:06:17::SCWBifWriter::proc type : 
TRACE::2021-04-17.20:06:17::SCWBifWriter::proc[0] : ps7_cortexa9_0
TRACE::2021-04-17.20:06:17::SCWBifWriter::Device type is : zynq
TRACE::2021-04-17.20:06:17::SCWBifWriter::Writing BIF to file : D:/Workspace/EE234_proj4req5_system/Debug/system.bif
TRACE::2021-04-17.20:06:17::SCWBifWriter::Writing the Zynq Baremetal bif 
TRACE::2021-04-17.20:32:54::SCWBifWriter::Found the complete platform D:/Workspace/blackboard_bist/export/blackboard_bist/blackboard_bist.xpfm
TRACE::2021-04-17.20:32:54::SCWBifWriter::hardware databse : system_wrapper
TRACE::2021-04-17.20:32:54::SCWBifWriter::bitstream found in the design
TRACE::2021-04-17.20:32:54::SCWBifWriter::Found a baremetal domain, proc: ps7_cortexa9_0
TRACE::2021-04-17.20:32:54::SCWBifWriter::proc type : 
TRACE::2021-04-17.20:32:54::SCWBifWriter::proc[0] : ps7_cortexa9_0
TRACE::2021-04-17.20:32:54::SCWBifWriter::Device type is : zynq
TRACE::2021-04-17.20:32:54::SCWBifWriter::Writing BIF to file : D:/Workspace/EE234_proj4req5_system/Debug/system.bif
TRACE::2021-04-17.20:32:54::SCWBifWriter::Writing the Zynq Baremetal bif 
TRACE::2021-04-17.22:12:13::SCWBifWriter::Found the complete platform D:/Workspace/blackboard_bist/export/blackboard_bist/blackboard_bist.xpfm
TRACE::2021-04-17.22:12:13::SCWBifWriter::hardware databse : system_wrapper_4
TRACE::2021-04-17.22:12:13::SCWBifWriter::bitstream found in the design
TRACE::2021-04-17.22:12:13::SCWBifWriter::Found a baremetal domain, proc: ps7_cortexa9_0
TRACE::2021-04-17.22:12:13::SCWBifWriter::proc type : 
TRACE::2021-04-17.22:12:13::SCWBifWriter::proc[0] : ps7_cortexa9_0
TRACE::2021-04-17.22:12:13::SCWBifWriter::Device type is : zynq
TRACE::2021-04-17.22:12:13::SCWBifWriter::Writing BIF to file : D:/Workspace/EE234_proj4req5_system/Debug/system.bif
TRACE::2021-04-17.22:12:13::SCWBifWriter::Writing the Zynq Baremetal bif 
TRACE::2021-04-17.22:16:34::SCWBifWriter::Found the complete platform D:/Workspace/blackboard_bist/export/blackboard_bist/blackboard_bist.xpfm
TRACE::2021-04-17.22:16:34::SCWBifWriter::hardware databse : system_wrapper_5
TRACE::2021-04-17.22:16:34::SCWBifWriter::bitstream found in the design
TRACE::2021-04-17.22:16:34::SCWBifWriter::Found a baremetal domain, proc: ps7_cortexa9_0
TRACE::2021-04-17.22:16:34::SCWBifWriter::proc type : 
TRACE::2021-04-17.22:16:34::SCWBifWriter::proc[0] : ps7_cortexa9_0
TRACE::2021-04-17.22:16:34::SCWBifWriter::Device type is : zynq
TRACE::2021-04-17.22:16:34::SCWBifWriter::Writing BIF to file : D:/Workspace/EE234_proj4req5_system/Debug/system.bif
TRACE::2021-04-17.22:16:34::SCWBifWriter::Writing the Zynq Baremetal bif 
TRACE::2021-04-18.12:28:50::SCWBifWriter::Found the complete platform D:/Workspace/blackboard_bist/export/blackboard_bist/blackboard_bist.xpfm
TRACE::2021-04-18.12:28:50::SCWBifWriter::hardware databse : system_wrapper_6
TRACE::2021-04-18.12:28:50::SCWBifWriter::bitstream found in the design
TRACE::2021-04-18.12:28:50::SCWBifWriter::Found a baremetal domain, proc: ps7_cortexa9_0
TRACE::2021-04-18.12:28:50::SCWBifWriter::proc type : 
TRACE::2021-04-18.12:28:50::SCWBifWriter::proc[0] : ps7_cortexa9_0
TRACE::2021-04-18.12:28:50::SCWBifWriter::Device type is : zynq
TRACE::2021-04-18.12:28:50::SCWBifWriter::Writing BIF to file : D:/Workspace/EE234_proj4req5_system/Debug/system.bif
TRACE::2021-04-18.12:28:50::SCWBifWriter::Writing the Zynq Baremetal bif 
TRACE::2021-04-18.12:39:53::SCWBifWriter::Found the complete platform D:/Workspace/blackboard_bist/export/blackboard_bist/blackboard_bist.xpfm
TRACE::2021-04-18.12:39:54::SCWBifWriter::hardware databse : system_wrapper_6
TRACE::2021-04-18.12:39:54::SCWBifWriter::bitstream found in the design
TRACE::2021-04-18.12:39:54::SCWBifWriter::Found a baremetal domain, proc: ps7_cortexa9_0
TRACE::2021-04-18.12:39:54::SCWBifWriter::proc type : 
TRACE::2021-04-18.12:39:54::SCWBifWriter::proc[0] : ps7_cortexa9_0
TRACE::2021-04-18.12:39:54::SCWBifWriter::Device type is : zynq
TRACE::2021-04-18.12:39:54::SCWBifWriter::Writing BIF to file : D:/Workspace/EE234_proj4req5_system/Debug/system.bif
TRACE::2021-04-18.12:39:54::SCWBifWriter::Writing the Zynq Baremetal bif 
TRACE::2021-04-19.08:26:12::SCWBifWriter::Found the complete platform D:/Workspace/blackboard_bist/export/blackboard_bist/blackboard_bist.xpfm
TRACE::2021-04-19.08:26:13::SCWBifWriter::hardware databse : system_wrapper
TRACE::2021-04-19.08:26:13::SCWBifWriter::bitstream found in the design
TRACE::2021-04-19.08:26:13::SCWBifWriter::Found a baremetal domain, proc: ps7_cortexa9_0
TRACE::2021-04-19.08:26:13::SCWBifWriter::proc type : 
TRACE::2021-04-19.08:26:13::SCWBifWriter::proc[0] : ps7_cortexa9_0
TRACE::2021-04-19.08:26:13::SCWBifWriter::Device type is : zynq
TRACE::2021-04-19.08:26:13::SCWBifWriter::Writing BIF to file : D:/Workspace/EE234_proj4req5_system/Debug/system.bif
TRACE::2021-04-19.08:26:13::SCWBifWriter::Writing the Zynq Baremetal bif 
TRACE::2021-04-19.21:03:22::SCWBifWriter::Found the complete platform D:/Workspace/blackboard_bist/export/blackboard_bist/blackboard_bist.xpfm
TRACE::2021-04-19.21:03:22::SCWBifWriter::hardware databse : system_wrapper
TRACE::2021-04-19.21:03:22::SCWBifWriter::bitstream found in the design
TRACE::2021-04-19.21:03:22::SCWBifWriter::Found a baremetal domain, proc: ps7_cortexa9_0
TRACE::2021-04-19.21:03:22::SCWBifWriter::proc type : 
TRACE::2021-04-19.21:03:22::SCWBifWriter::proc[0] : ps7_cortexa9_0
TRACE::2021-04-19.21:03:22::SCWBifWriter::Device type is : zynq
TRACE::2021-04-19.21:03:22::SCWBifWriter::Writing BIF to file : D:/Workspace/EE234_proj4req5_system/Debug/system.bif
TRACE::2021-04-19.21:03:22::SCWBifWriter::Writing the Zynq Baremetal bif 
TRACE::2021-04-19.21:22:36::SCWBifWriter::Found the complete platform D:/Workspace/blackboard_bist/export/blackboard_bist/blackboard_bist.xpfm
TRACE::2021-04-19.21:22:36::SCWBifWriter::hardware databse : system_wrapper_3
TRACE::2021-04-19.21:22:36::SCWBifWriter::bitstream found in the design
TRACE::2021-04-19.21:22:36::SCWBifWriter::Found a baremetal domain, proc: ps7_cortexa9_0
TRACE::2021-04-19.21:22:36::SCWBifWriter::proc type : 
TRACE::2021-04-19.21:22:36::SCWBifWriter::proc[0] : ps7_cortexa9_0
TRACE::2021-04-19.21:22:36::SCWBifWriter::Device type is : zynq
TRACE::2021-04-19.21:22:36::SCWBifWriter::Writing BIF to file : D:/Workspace/EE234_proj4req5_system/Debug/system.bif
TRACE::2021-04-19.21:22:36::SCWBifWriter::Writing the Zynq Baremetal bif 
TRACE::2021-04-27.19:46:03::SCWBifWriter::Found the complete platform D:/Workspace/blackboard_bist/export/blackboard_bist/blackboard_bist.xpfm
TRACE::2021-04-27.19:46:03::SCWBifWriter::hardware databse : system_wrapper
TRACE::2021-04-27.19:46:03::SCWBifWriter::bitstream found in the design
TRACE::2021-04-27.19:46:03::SCWBifWriter::Found a baremetal domain, proc: ps7_cortexa9_0
TRACE::2021-04-27.19:46:03::SCWBifWriter::proc type : 
TRACE::2021-04-27.19:46:03::SCWBifWriter::proc[0] : ps7_cortexa9_0
TRACE::2021-04-27.19:46:03::SCWBifWriter::Device type is : zynq
TRACE::2021-04-27.19:46:03::SCWBifWriter::Writing BIF to file : D:/Workspace/EE234_proj4req5_system/Debug/system.bif
TRACE::2021-04-27.19:46:03::SCWBifWriter::Writing the Zynq Baremetal bif 
TRACE::2021-04-28.14:53:13::SCWBifWriter::Found the complete platform D:/Workspace/blackboard_bist/export/blackboard_bist/blackboard_bist.xpfm
TRACE::2021-04-28.14:53:13::SCWBifWriter::hardware databse : system_wrapper
TRACE::2021-04-28.14:53:13::SCWBifWriter::bitstream found in the design
TRACE::2021-04-28.14:53:13::SCWBifWriter::Found a baremetal domain, proc: ps7_cortexa9_0
TRACE::2021-04-28.14:53:13::SCWBifWriter::proc type : 
TRACE::2021-04-28.14:53:13::SCWBifWriter::proc[0] : ps7_cortexa9_0
TRACE::2021-04-28.14:53:13::SCWBifWriter::Device type is : zynq
TRACE::2021-04-28.14:53:13::SCWBifWriter::Writing BIF to file : D:/Workspace/EE234_proj4req5_system/Debug/system.bif
TRACE::2021-04-28.14:53:13::SCWBifWriter::Writing the Zynq Baremetal bif 
TRACE::2021-04-29.09:48:38::SCWBifWriter::Found the complete platform D:/Workspace/blackboard_bist/export/blackboard_bist/blackboard_bist.xpfm
TRACE::2021-04-29.09:48:38::SCWBifWriter::hardware databse : system_wrapper_14
TRACE::2021-04-29.09:48:38::SCWBifWriter::bitstream found in the design
TRACE::2021-04-29.09:48:38::SCWBifWriter::Found a baremetal domain, proc: ps7_cortexa9_0
TRACE::2021-04-29.09:48:38::SCWBifWriter::proc type : 
TRACE::2021-04-29.09:48:38::SCWBifWriter::proc[0] : ps7_cortexa9_0
TRACE::2021-04-29.09:48:38::SCWBifWriter::Device type is : zynq
TRACE::2021-04-29.09:48:38::SCWBifWriter::Writing BIF to file : D:/Workspace/EE234_proj4req5_system/Debug/system.bif
TRACE::2021-04-29.09:48:38::SCWBifWriter::Writing the Zynq Baremetal bif 
TRACE::2021-04-29.11:59:42::SCWBifWriter::Found the complete platform D:/Workspace/blackboard_bist/export/blackboard_bist/blackboard_bist.xpfm
TRACE::2021-04-29.11:59:42::SCWBifWriter::hardware databse : system_wrapper_48
TRACE::2021-04-29.11:59:42::SCWBifWriter::bitstream found in the design
TRACE::2021-04-29.11:59:42::SCWBifWriter::Found a baremetal domain, proc: ps7_cortexa9_0
TRACE::2021-04-29.11:59:42::SCWBifWriter::proc type : 
TRACE::2021-04-29.11:59:42::SCWBifWriter::proc[0] : ps7_cortexa9_0
TRACE::2021-04-29.11:59:42::SCWBifWriter::Device type is : zynq
TRACE::2021-04-29.11:59:42::SCWBifWriter::Writing BIF to file : D:/Workspace/EE234_proj4req5_system/Debug/system.bif
TRACE::2021-04-29.11:59:42::SCWBifWriter::Writing the Zynq Baremetal bif 
TRACE::2021-07-14.17:24:34::SCWBifWriter::Found the complete platform D:/Workspace/blackboard_bist/export/blackboard_bist/blackboard_bist.xpfm
TRACE::2021-07-14.17:24:34::SCWBifWriter::hardware databse : system_wrapper_0
TRACE::2021-07-14.17:24:34::SCWBifWriter::bitstream found in the design
TRACE::2021-07-14.17:24:34::SCWBifWriter::Found a baremetal domain, proc: ps7_cortexa9_0
TRACE::2021-07-14.17:24:34::SCWBifWriter::proc type : 
TRACE::2021-07-14.17:24:34::SCWBifWriter::proc[0] : ps7_cortexa9_0
TRACE::2021-07-14.17:24:34::SCWBifWriter::Device type is : zynq
TRACE::2021-07-14.17:24:34::SCWBifWriter::Writing BIF to file : D:/Workspace/EE234_proj4req5_system/Debug/system.bif
TRACE::2021-07-14.17:24:34::SCWBifWriter::Writing the Zynq Baremetal bif 
TRACE::2021-07-15.20:02:25::SCWBifWriter::Found the complete platform D:/Workspace/blackboard_bist/export/blackboard_bist/blackboard_bist.xpfm
TRACE::2021-07-15.20:02:25::SCWBifWriter::hardware databse : system_wrapper_0
TRACE::2021-07-15.20:02:25::SCWBifWriter::bitstream found in the design
TRACE::2021-07-15.20:02:25::SCWBifWriter::Found a baremetal domain, proc: ps7_cortexa9_0
TRACE::2021-07-15.20:02:25::SCWBifWriter::proc type : 
TRACE::2021-07-15.20:02:25::SCWBifWriter::proc[0] : ps7_cortexa9_0
TRACE::2021-07-15.20:02:25::SCWBifWriter::Device type is : zynq
TRACE::2021-07-15.20:02:25::SCWBifWriter::Writing BIF to file : D:/Workspace/EE234_proj4req5_system/Debug/system.bif
TRACE::2021-07-15.20:02:25::SCWBifWriter::Writing the Zynq Baremetal bif 
