INFO: [VRFC 10-2263] Analyzing Verilog file "C:/EE214_Projects/EE214_Proj8/EE214_Proj8.srcs/sources_1/new/BCDcounter.v" into library xil_defaultlib
INFO: [VRFC 10-311] analyzing module BCDcounter
INFO: [VRFC 10-2263] Analyzing Verilog file "C:/EE214_Projects/EE214_Proj8/EE214_Proj8.srcs/sources_1/new/EE214_Proj8Req5.v" into library xil_defaultlib
INFO: [VRFC 10-311] analyzing module EE214_Proj8Req5
INFO: [VRFC 10-2263] Analyzing Verilog file "C:/EE214_Projects/EE214_Proj8/EE214_Proj8.srcs/sources_1/new/SSD_Decoder1.v" into library xil_defaultlib
INFO: [VRFC 10-311] analyzing module SSD_Decoder1
INFO: [VRFC 10-2263] Analyzing Verilog file "C:/EE214_Projects/EE214_Proj8/EE214_Proj8.srcs/sources_1/new/clkDiv_1kHz_to_1Hz.v" into library xil_defaultlib
INFO: [VRFC 10-311] analyzing module clkDiv_1kHz_to_1Hz
INFO: [VRFC 10-2263] Analyzing Verilog file "C:/EE214_Projects/EE214_Proj8/EE214_Proj8.srcs/sources_1/new/clkDivider_1kHz.v" into library xil_defaultlib
INFO: [VRFC 10-311] analyzing module clkDivider_1kHz
INFO: [VRFC 10-2263] Analyzing Verilog file "C:/EE214_Projects/EE214_Proj8/EE214_Proj8.srcs/sources_1/new/counter_2bit.v" into library xil_defaultlib
INFO: [VRFC 10-311] analyzing module counter_2bit
INFO: [VRFC 10-2263] Analyzing Verilog file "C:/EE214_Projects/EE214_Proj8/EE214_Proj8.srcs/sources_1/new/decoder_2_4.v" into library xil_defaultlib
INFO: [VRFC 10-311] analyzing module decoder_2_4
INFO: [VRFC 10-2263] Analyzing Verilog file "C:/EE214_Projects/EE214_Proj8/EE214_Proj8.srcs/sources_1/new/displayController.v" into library xil_defaultlib
INFO: [VRFC 10-311] analyzing module displayController
INFO: [VRFC 10-2263] Analyzing Verilog file "C:/EE214_Projects/EE214_Proj8/EE214_Proj8.srcs/sources_1/new/mux_4bit_4_1.v" into library xil_defaultlib
INFO: [VRFC 10-311] analyzing module mux_4bit_4_1
INFO: [VRFC 10-2263] Analyzing Verilog file "C:/EE214_Projects/EE214_Proj8/EE214_Proj8.srcs/sim_1/new/EE214_Proj8Req5_TB.v" into library xil_defaultlib
INFO: [VRFC 10-311] analyzing module EE214_Proj8Req5_TB
