TRACE::2021-04-27.18:05:31::SCWBifWriter::Found the complete platform D:/Workspace/blackboard_bist/export/blackboard_bist/blackboard_bist.xpfm
TRACE::2021-04-27.18:05:31::SCWBifWriter::hardware databse : system_wrapper_1
TRACE::2021-04-27.18:05:31::SCWBifWriter::bitstream found in the design
TRACE::2021-04-27.18:05:31::SCWBifWriter::Found a baremetal domain, proc: ps7_cortexa9_0
TRACE::2021-04-27.18:05:31::SCWBifWriter::proc type : 
TRACE::2021-04-27.18:05:31::SCWBifWriter::proc[0] : ps7_cortexa9_0
TRACE::2021-04-27.18:05:31::SCWBifWriter::Device type is : zynq
TRACE::2021-04-27.18:05:31::SCWBifWriter::Writing BIF to file : D:/Workspace/EE234_FinalProject_system/Debug/system.bif
TRACE::2021-04-27.18:05:31::SCWBifWriter::Writing the Zynq Baremetal bif 
TRACE::2021-04-27.18:40:50::SCWBifWriter::Found the complete platform D:/Workspace/blackboard_bist/export/blackboard_bist/blackboard_bist.xpfm
TRACE::2021-04-27.18:40:50::SCWBifWriter::hardware databse : system_wrapper_3
TRACE::2021-04-27.18:40:50::SCWBifWriter::bitstream found in the design
TRACE::2021-04-27.18:40:50::SCWBifWriter::Found a baremetal domain, proc: ps7_cortexa9_0
TRACE::2021-04-27.18:40:50::SCWBifWriter::proc type : 
TRACE::2021-04-27.18:40:50::SCWBifWriter::proc[0] : ps7_cortexa9_0
TRACE::2021-04-27.18:40:50::SCWBifWriter::Device type is : zynq
TRACE::2021-04-27.18:40:50::SCWBifWriter::Writing BIF to file : D:/Workspace/EE234_FinalProject_system/Debug/system.bif
TRACE::2021-04-27.18:40:50::SCWBifWriter::Writing the Zynq Baremetal bif 
TRACE::2021-04-27.19:13:41::SCWBifWriter::Found the complete platform D:/Workspace/blackboard_bist/export/blackboard_bist/blackboard_bist.xpfm
TRACE::2021-04-27.19:13:41::SCWBifWriter::hardware databse : system_wrapper_5
TRACE::2021-04-27.19:13:41::SCWBifWriter::bitstream found in the design
TRACE::2021-04-27.19:13:41::SCWBifWriter::Found a baremetal domain, proc: ps7_cortexa9_0
TRACE::2021-04-27.19:13:41::SCWBifWriter::proc type : 
TRACE::2021-04-27.19:13:41::SCWBifWriter::proc[0] : ps7_cortexa9_0
TRACE::2021-04-27.19:13:41::SCWBifWriter::Device type is : zynq
TRACE::2021-04-27.19:13:41::SCWBifWriter::Writing BIF to file : D:/Workspace/EE234_FinalProject_system/Debug/system.bif
TRACE::2021-04-27.19:13:41::SCWBifWriter::Writing the Zynq Baremetal bif 
TRACE::2021-04-27.19:42:22::SCWBifWriter::Found the complete platform D:/Workspace/blackboard_bist/export/blackboard_bist/blackboard_bist.xpfm
TRACE::2021-04-27.19:42:22::SCWBifWriter::hardware databse : system_wrapper_6
TRACE::2021-04-27.19:42:22::SCWBifWriter::bitstream found in the design
TRACE::2021-04-27.19:42:22::SCWBifWriter::Found a baremetal domain, proc: ps7_cortexa9_0
TRACE::2021-04-27.19:42:22::SCWBifWriter::proc type : 
TRACE::2021-04-27.19:42:22::SCWBifWriter::proc[0] : ps7_cortexa9_0
TRACE::2021-04-27.19:42:22::SCWBifWriter::Device type is : zynq
TRACE::2021-04-27.19:42:22::SCWBifWriter::Writing BIF to file : D:/Workspace/EE234_FinalProject_system/Debug/system.bif
TRACE::2021-04-27.19:42:22::SCWBifWriter::Writing the Zynq Baremetal bif 
TRACE::2021-04-27.19:46:13::SCWBifWriter::Found the complete platform D:/Workspace/blackboard_bist/export/blackboard_bist/blackboard_bist.xpfm
TRACE::2021-04-27.19:46:13::SCWBifWriter::hardware databse : system_wrapper
TRACE::2021-04-27.19:46:13::SCWBifWriter::bitstream found in the design
TRACE::2021-04-27.19:46:13::SCWBifWriter::Found a baremetal domain, proc: ps7_cortexa9_0
TRACE::2021-04-27.19:46:13::SCWBifWriter::proc type : 
TRACE::2021-04-27.19:46:13::SCWBifWriter::proc[0] : ps7_cortexa9_0
TRACE::2021-04-27.19:46:13::SCWBifWriter::Device type is : zynq
TRACE::2021-04-27.19:46:13::SCWBifWriter::Writing BIF to file : D:/Workspace/EE234_FinalProject_system/Debug/system.bif
TRACE::2021-04-27.19:46:13::SCWBifWriter::Writing the Zynq Baremetal bif 
TRACE::2021-04-27.19:49:42::SCWBifWriter::Found the complete platform D:/Workspace/blackboard_bist/export/blackboard_bist/blackboard_bist.xpfm
TRACE::2021-04-27.19:49:42::SCWBifWriter::hardware databse : system_wrapper_0
TRACE::2021-04-27.19:49:42::SCWBifWriter::bitstream found in the design
TRACE::2021-04-27.19:49:42::SCWBifWriter::Found a baremetal domain, proc: ps7_cortexa9_0
TRACE::2021-04-27.19:49:42::SCWBifWriter::proc type : 
TRACE::2021-04-27.19:49:42::SCWBifWriter::proc[0] : ps7_cortexa9_0
TRACE::2021-04-27.19:49:42::SCWBifWriter::Device type is : zynq
TRACE::2021-04-27.19:49:42::SCWBifWriter::Writing BIF to file : D:/Workspace/EE234_FinalProject_system/Debug/system.bif
TRACE::2021-04-27.19:49:42::SCWBifWriter::Writing the Zynq Baremetal bif 
TRACE::2021-04-27.19:50:45::SCWBifWriter::Found the complete platform D:/Workspace/blackboard_bist/export/blackboard_bist/blackboard_bist.xpfm
TRACE::2021-04-27.19:50:45::SCWBifWriter::hardware databse : system_wrapper_0
TRACE::2021-04-27.19:50:45::SCWBifWriter::bitstream found in the design
TRACE::2021-04-27.19:50:45::SCWBifWriter::Found a baremetal domain, proc: ps7_cortexa9_0
TRACE::2021-04-27.19:50:45::SCWBifWriter::proc type : 
TRACE::2021-04-27.19:50:45::SCWBifWriter::proc[0] : ps7_cortexa9_0
TRACE::2021-04-27.19:50:45::SCWBifWriter::Device type is : zynq
TRACE::2021-04-27.19:50:45::SCWBifWriter::Writing BIF to file : D:/Workspace/EE234_FinalProject_system/Debug/system.bif
TRACE::2021-04-27.19:50:45::SCWBifWriter::Writing the Zynq Baremetal bif 
TRACE::2021-04-27.19:51:18::SCWBifWriter::Found the complete platform D:/Workspace/blackboard_bist/export/blackboard_bist/blackboard_bist.xpfm
TRACE::2021-04-27.19:51:18::SCWBifWriter::hardware databse : system_wrapper_0
TRACE::2021-04-27.19:51:18::SCWBifWriter::bitstream found in the design
TRACE::2021-04-27.19:51:18::SCWBifWriter::Found a baremetal domain, proc: ps7_cortexa9_0
TRACE::2021-04-27.19:51:18::SCWBifWriter::proc type : 
TRACE::2021-04-27.19:51:18::SCWBifWriter::proc[0] : ps7_cortexa9_0
TRACE::2021-04-27.19:51:18::SCWBifWriter::Device type is : zynq
TRACE::2021-04-27.19:51:18::SCWBifWriter::Writing BIF to file : D:/Workspace/EE234_FinalProject_system/Debug/system.bif
TRACE::2021-04-27.19:51:18::SCWBifWriter::Writing the Zynq Baremetal bif 
TRACE::2021-04-27.19:51:57::SCWBifWriter::Found the complete platform D:/Workspace/blackboard_bist/export/blackboard_bist/blackboard_bist.xpfm
TRACE::2021-04-27.19:51:57::SCWBifWriter::hardware databse : system_wrapper_0
TRACE::2021-04-27.19:51:57::SCWBifWriter::bitstream found in the design
TRACE::2021-04-27.19:51:57::SCWBifWriter::Found a baremetal domain, proc: ps7_cortexa9_0
TRACE::2021-04-27.19:51:57::SCWBifWriter::proc type : 
TRACE::2021-04-27.19:51:57::SCWBifWriter::proc[0] : ps7_cortexa9_0
TRACE::2021-04-27.19:51:57::SCWBifWriter::Device type is : zynq
TRACE::2021-04-27.19:51:57::SCWBifWriter::Writing BIF to file : D:/Workspace/EE234_FinalProject_system/Debug/system.bif
TRACE::2021-04-27.19:51:57::SCWBifWriter::Writing the Zynq Baremetal bif 
TRACE::2021-04-27.20:02:47::SCWBifWriter::Found the complete platform D:/Workspace/blackboard_bist/export/blackboard_bist/blackboard_bist.xpfm
TRACE::2021-04-27.20:02:47::SCWBifWriter::hardware databse : system_wrapper_2
TRACE::2021-04-27.20:02:47::SCWBifWriter::bitstream found in the design
TRACE::2021-04-27.20:02:47::SCWBifWriter::Found a baremetal domain, proc: ps7_cortexa9_0
TRACE::2021-04-27.20:02:47::SCWBifWriter::proc type : 
TRACE::2021-04-27.20:02:47::SCWBifWriter::proc[0] : ps7_cortexa9_0
TRACE::2021-04-27.20:02:47::SCWBifWriter::Device type is : zynq
TRACE::2021-04-27.20:02:47::SCWBifWriter::Writing BIF to file : D:/Workspace/EE234_FinalProject_system/Debug/system.bif
TRACE::2021-04-27.20:02:47::SCWBifWriter::Writing the Zynq Baremetal bif 
TRACE::2021-04-27.21:56:33::SCWBifWriter::Found the complete platform D:/Workspace/blackboard_bist/export/blackboard_bist/blackboard_bist.xpfm
TRACE::2021-04-27.21:56:33::SCWBifWriter::hardware databse : system_wrapper_2
TRACE::2021-04-27.21:56:33::SCWBifWriter::bitstream found in the design
TRACE::2021-04-27.21:56:33::SCWBifWriter::Found a baremetal domain, proc: ps7_cortexa9_0
TRACE::2021-04-27.21:56:33::SCWBifWriter::proc type : 
TRACE::2021-04-27.21:56:33::SCWBifWriter::proc[0] : ps7_cortexa9_0
TRACE::2021-04-27.21:56:33::SCWBifWriter::Device type is : zynq
TRACE::2021-04-27.21:56:33::SCWBifWriter::Writing BIF to file : D:/Workspace/EE234_FinalProject_system/Debug/system.bif
TRACE::2021-04-27.21:56:33::SCWBifWriter::Writing the Zynq Baremetal bif 
TRACE::2021-04-27.21:57:49::SCWBifWriter::Found the complete platform D:/Workspace/blackboard_bist/export/blackboard_bist/blackboard_bist.xpfm
TRACE::2021-04-27.21:57:49::SCWBifWriter::hardware databse : system_wrapper_3
TRACE::2021-04-27.21:57:49::SCWBifWriter::bitstream found in the design
TRACE::2021-04-27.21:57:49::SCWBifWriter::Found a baremetal domain, proc: ps7_cortexa9_0
TRACE::2021-04-27.21:57:49::SCWBifWriter::proc type : 
TRACE::2021-04-27.21:57:49::SCWBifWriter::proc[0] : ps7_cortexa9_0
TRACE::2021-04-27.21:57:49::SCWBifWriter::Device type is : zynq
TRACE::2021-04-27.21:57:49::SCWBifWriter::Writing BIF to file : D:/Workspace/EE234_FinalProject_system/Debug/system.bif
TRACE::2021-04-27.21:57:49::SCWBifWriter::Writing the Zynq Baremetal bif 
TRACE::2021-04-27.22:01:31::SCWBifWriter::Found the complete platform D:/Workspace/blackboard_bist/export/blackboard_bist/blackboard_bist.xpfm
TRACE::2021-04-27.22:01:31::SCWBifWriter::hardware databse : system_wrapper
TRACE::2021-04-27.22:01:31::SCWBifWriter::bitstream found in the design
TRACE::2021-04-27.22:01:31::SCWBifWriter::Found a baremetal domain, proc: ps7_cortexa9_0
TRACE::2021-04-27.22:01:31::SCWBifWriter::proc type : 
TRACE::2021-04-27.22:01:31::SCWBifWriter::proc[0] : ps7_cortexa9_0
TRACE::2021-04-27.22:01:31::SCWBifWriter::Device type is : zynq
TRACE::2021-04-27.22:01:31::SCWBifWriter::Writing BIF to file : D:/Workspace/EE234_FinalProject_system/Debug/system.bif
TRACE::2021-04-27.22:01:31::SCWBifWriter::Writing the Zynq Baremetal bif 
TRACE::2021-04-27.22:42:34::SCWBifWriter::Found the complete platform D:/Workspace/blackboard_bist/export/blackboard_bist/blackboard_bist.xpfm
TRACE::2021-04-27.22:42:34::SCWBifWriter::hardware databse : system_wrapper_3
TRACE::2021-04-27.22:42:34::SCWBifWriter::bitstream found in the design
TRACE::2021-04-27.22:42:34::SCWBifWriter::Found a baremetal domain, proc: ps7_cortexa9_0
TRACE::2021-04-27.22:42:34::SCWBifWriter::proc type : 
TRACE::2021-04-27.22:42:34::SCWBifWriter::proc[0] : ps7_cortexa9_0
TRACE::2021-04-27.22:42:34::SCWBifWriter::Device type is : zynq
TRACE::2021-04-27.22:42:34::SCWBifWriter::Writing BIF to file : D:/Workspace/EE234_FinalProject_system/Debug/system.bif
TRACE::2021-04-27.22:42:34::SCWBifWriter::Writing the Zynq Baremetal bif 
TRACE::2021-04-27.22:58:28::SCWBifWriter::Found the complete platform D:/Workspace/blackboard_bist/export/blackboard_bist/blackboard_bist.xpfm
TRACE::2021-04-27.22:58:28::SCWBifWriter::hardware databse : system_wrapper_10
TRACE::2021-04-27.22:58:28::SCWBifWriter::bitstream found in the design
TRACE::2021-04-27.22:58:28::SCWBifWriter::Found a baremetal domain, proc: ps7_cortexa9_0
TRACE::2021-04-27.22:58:28::SCWBifWriter::proc type : 
TRACE::2021-04-27.22:58:28::SCWBifWriter::proc[0] : ps7_cortexa9_0
TRACE::2021-04-27.22:58:28::SCWBifWriter::Device type is : zynq
TRACE::2021-04-27.22:58:28::SCWBifWriter::Writing BIF to file : D:/Workspace/EE234_FinalProject_system/Debug/system.bif
TRACE::2021-04-27.22:58:28::SCWBifWriter::Writing the Zynq Baremetal bif 
TRACE::2021-04-27.23:00:29::SCWBifWriter::Found the complete platform D:/Workspace/blackboard_bist/export/blackboard_bist/blackboard_bist.xpfm
TRACE::2021-04-27.23:00:29::SCWBifWriter::hardware databse : system_wrapper_11
TRACE::2021-04-27.23:00:29::SCWBifWriter::bitstream found in the design
TRACE::2021-04-27.23:00:29::SCWBifWriter::Found a baremetal domain, proc: ps7_cortexa9_0
TRACE::2021-04-27.23:00:29::SCWBifWriter::proc type : 
TRACE::2021-04-27.23:00:29::SCWBifWriter::proc[0] : ps7_cortexa9_0
TRACE::2021-04-27.23:00:29::SCWBifWriter::Device type is : zynq
TRACE::2021-04-27.23:00:29::SCWBifWriter::Writing BIF to file : D:/Workspace/EE234_FinalProject_system/Debug/system.bif
TRACE::2021-04-27.23:00:29::SCWBifWriter::Writing the Zynq Baremetal bif 
TRACE::2021-04-27.23:02:41::SCWBifWriter::Found the complete platform D:/Workspace/blackboard_bist/export/blackboard_bist/blackboard_bist.xpfm
TRACE::2021-04-27.23:02:41::SCWBifWriter::hardware databse : system_wrapper_11
TRACE::2021-04-27.23:02:41::SCWBifWriter::bitstream found in the design
TRACE::2021-04-27.23:02:41::SCWBifWriter::Found a baremetal domain, proc: ps7_cortexa9_0
TRACE::2021-04-27.23:02:41::SCWBifWriter::proc type : 
TRACE::2021-04-27.23:02:41::SCWBifWriter::proc[0] : ps7_cortexa9_0
TRACE::2021-04-27.23:02:41::SCWBifWriter::Device type is : zynq
TRACE::2021-04-27.23:02:41::SCWBifWriter::Writing BIF to file : D:/Workspace/EE234_FinalProject_system/Debug/system.bif
TRACE::2021-04-27.23:02:41::SCWBifWriter::Writing the Zynq Baremetal bif 
TRACE::2021-04-27.23:19:00::SCWBifWriter::Found the complete platform D:/Workspace/blackboard_bist/export/blackboard_bist/blackboard_bist.xpfm
TRACE::2021-04-27.23:19:00::SCWBifWriter::hardware databse : system_wrapper_18
TRACE::2021-04-27.23:19:00::SCWBifWriter::bitstream found in the design
TRACE::2021-04-27.23:19:00::SCWBifWriter::Found a baremetal domain, proc: ps7_cortexa9_0
TRACE::2021-04-27.23:19:00::SCWBifWriter::proc type : 
TRACE::2021-04-27.23:19:00::SCWBifWriter::proc[0] : ps7_cortexa9_0
TRACE::2021-04-27.23:19:00::SCWBifWriter::Device type is : zynq
TRACE::2021-04-27.23:19:00::SCWBifWriter::Writing BIF to file : D:/Workspace/EE234_FinalProject_system/Debug/system.bif
TRACE::2021-04-27.23:19:00::SCWBifWriter::Writing the Zynq Baremetal bif 
TRACE::2021-04-27.23:21:10::SCWBifWriter::Found the complete platform D:/Workspace/blackboard_bist/export/blackboard_bist/blackboard_bist.xpfm
TRACE::2021-04-27.23:21:10::SCWBifWriter::hardware databse : system_wrapper_20
TRACE::2021-04-27.23:21:10::SCWBifWriter::bitstream found in the design
TRACE::2021-04-27.23:21:10::SCWBifWriter::Found a baremetal domain, proc: ps7_cortexa9_0
TRACE::2021-04-27.23:21:10::SCWBifWriter::proc type : 
TRACE::2021-04-27.23:21:10::SCWBifWriter::proc[0] : ps7_cortexa9_0
TRACE::2021-04-27.23:21:10::SCWBifWriter::Device type is : zynq
TRACE::2021-04-27.23:21:10::SCWBifWriter::Writing BIF to file : D:/Workspace/EE234_FinalProject_system/Debug/system.bif
TRACE::2021-04-27.23:21:10::SCWBifWriter::Writing the Zynq Baremetal bif 
TRACE::2021-04-27.23:25:14::SCWBifWriter::Found the complete platform D:/Workspace/blackboard_bist/export/blackboard_bist/blackboard_bist.xpfm
TRACE::2021-04-27.23:25:14::SCWBifWriter::hardware databse : system_wrapper
TRACE::2021-04-27.23:25:14::SCWBifWriter::bitstream found in the design
TRACE::2021-04-27.23:25:14::SCWBifWriter::Found a baremetal domain, proc: ps7_cortexa9_0
TRACE::2021-04-27.23:25:14::SCWBifWriter::proc type : 
TRACE::2021-04-27.23:25:14::SCWBifWriter::proc[0] : ps7_cortexa9_0
TRACE::2021-04-27.23:25:14::SCWBifWriter::Device type is : zynq
TRACE::2021-04-27.23:25:14::SCWBifWriter::Writing BIF to file : D:/Workspace/EE234_FinalProject_system/Debug/system.bif
TRACE::2021-04-27.23:25:14::SCWBifWriter::Writing the Zynq Baremetal bif 
TRACE::2021-04-27.23:41:31::SCWBifWriter::Found the complete platform D:/Workspace/blackboard_bist/export/blackboard_bist/blackboard_bist.xpfm
TRACE::2021-04-27.23:41:31::SCWBifWriter::hardware databse : system_wrapper_4
TRACE::2021-04-27.23:41:31::SCWBifWriter::bitstream found in the design
TRACE::2021-04-27.23:41:31::SCWBifWriter::Found a baremetal domain, proc: ps7_cortexa9_0
TRACE::2021-04-27.23:41:31::SCWBifWriter::proc type : 
TRACE::2021-04-27.23:41:31::SCWBifWriter::proc[0] : ps7_cortexa9_0
TRACE::2021-04-27.23:41:31::SCWBifWriter::Device type is : zynq
TRACE::2021-04-27.23:41:31::SCWBifWriter::Writing BIF to file : D:/Workspace/EE234_FinalProject_system/Debug/system.bif
TRACE::2021-04-27.23:41:31::SCWBifWriter::Writing the Zynq Baremetal bif 
TRACE::2021-04-28.10:46:53::SCWBifWriter::Found the complete platform D:/Workspace/blackboard_bist/export/blackboard_bist/blackboard_bist.xpfm
TRACE::2021-04-28.10:46:53::SCWBifWriter::hardware databse : system_wrapper_5
TRACE::2021-04-28.10:46:53::SCWBifWriter::bitstream found in the design
TRACE::2021-04-28.10:46:53::SCWBifWriter::Found a baremetal domain, proc: ps7_cortexa9_0
TRACE::2021-04-28.10:46:53::SCWBifWriter::proc type : 
TRACE::2021-04-28.10:46:53::SCWBifWriter::proc[0] : ps7_cortexa9_0
TRACE::2021-04-28.10:46:53::SCWBifWriter::Device type is : zynq
TRACE::2021-04-28.10:46:53::SCWBifWriter::Writing BIF to file : D:/Workspace/EE234_FinalProject_system/Debug/system.bif
TRACE::2021-04-28.10:46:53::SCWBifWriter::Writing the Zynq Baremetal bif 
TRACE::2021-04-28.11:15:12::SCWBifWriter::Found the complete platform D:/Workspace/blackboard_bist/export/blackboard_bist/blackboard_bist.xpfm
TRACE::2021-04-28.11:15:12::SCWBifWriter::hardware databse : system_wrapper_7
TRACE::2021-04-28.11:15:12::SCWBifWriter::bitstream found in the design
TRACE::2021-04-28.11:15:12::SCWBifWriter::Found a baremetal domain, proc: ps7_cortexa9_0
TRACE::2021-04-28.11:15:12::SCWBifWriter::proc type : 
TRACE::2021-04-28.11:15:12::SCWBifWriter::proc[0] : ps7_cortexa9_0
TRACE::2021-04-28.11:15:12::SCWBifWriter::Device type is : zynq
TRACE::2021-04-28.11:15:12::SCWBifWriter::Writing BIF to file : D:/Workspace/EE234_FinalProject_system/Debug/system.bif
TRACE::2021-04-28.11:15:12::SCWBifWriter::Writing the Zynq Baremetal bif 
TRACE::2021-04-28.11:17:18::SCWBifWriter::Found the complete platform D:/Workspace/blackboard_bist/export/blackboard_bist/blackboard_bist.xpfm
TRACE::2021-04-28.11:17:18::SCWBifWriter::hardware databse : system_wrapper_8
TRACE::2021-04-28.11:17:18::SCWBifWriter::bitstream found in the design
TRACE::2021-04-28.11:17:18::SCWBifWriter::Found a baremetal domain, proc: ps7_cortexa9_0
TRACE::2021-04-28.11:17:18::SCWBifWriter::proc type : 
TRACE::2021-04-28.11:17:18::SCWBifWriter::proc[0] : ps7_cortexa9_0
TRACE::2021-04-28.11:17:18::SCWBifWriter::Device type is : zynq
TRACE::2021-04-28.11:17:18::SCWBifWriter::Writing BIF to file : D:/Workspace/EE234_FinalProject_system/Debug/system.bif
TRACE::2021-04-28.11:17:18::SCWBifWriter::Writing the Zynq Baremetal bif 
TRACE::2021-04-28.11:18:04::SCWBifWriter::Found the complete platform D:/Workspace/blackboard_bist/export/blackboard_bist/blackboard_bist.xpfm
TRACE::2021-04-28.11:18:04::SCWBifWriter::hardware databse : system_wrapper_8
TRACE::2021-04-28.11:18:04::SCWBifWriter::bitstream found in the design
TRACE::2021-04-28.11:18:04::SCWBifWriter::Found a baremetal domain, proc: ps7_cortexa9_0
TRACE::2021-04-28.11:18:04::SCWBifWriter::proc type : 
TRACE::2021-04-28.11:18:04::SCWBifWriter::proc[0] : ps7_cortexa9_0
TRACE::2021-04-28.11:18:04::SCWBifWriter::Device type is : zynq
TRACE::2021-04-28.11:18:04::SCWBifWriter::Writing BIF to file : D:/Workspace/EE234_FinalProject_system/Debug/system.bif
TRACE::2021-04-28.11:18:04::SCWBifWriter::Writing the Zynq Baremetal bif 
TRACE::2021-04-28.11:24:24::SCWBifWriter::Found the complete platform D:/Workspace/blackboard_bist/export/blackboard_bist/blackboard_bist.xpfm
TRACE::2021-04-28.11:24:24::SCWBifWriter::hardware databse : system_wrapper_10
TRACE::2021-04-28.11:24:24::SCWBifWriter::bitstream found in the design
TRACE::2021-04-28.11:24:24::SCWBifWriter::Found a baremetal domain, proc: ps7_cortexa9_0
TRACE::2021-04-28.11:24:24::SCWBifWriter::proc type : 
TRACE::2021-04-28.11:24:24::SCWBifWriter::proc[0] : ps7_cortexa9_0
TRACE::2021-04-28.11:24:24::SCWBifWriter::Device type is : zynq
TRACE::2021-04-28.11:24:24::SCWBifWriter::Writing BIF to file : D:/Workspace/EE234_FinalProject_system/Debug/system.bif
TRACE::2021-04-28.11:24:24::SCWBifWriter::Writing the Zynq Baremetal bif 
TRACE::2021-04-28.11:35:19::SCWBifWriter::Found the complete platform D:/Workspace/blackboard_bist/export/blackboard_bist/blackboard_bist.xpfm
TRACE::2021-04-28.11:35:19::SCWBifWriter::hardware databse : system_wrapper_13
TRACE::2021-04-28.11:35:19::SCWBifWriter::bitstream found in the design
TRACE::2021-04-28.11:35:19::SCWBifWriter::Found a baremetal domain, proc: ps7_cortexa9_0
TRACE::2021-04-28.11:35:19::SCWBifWriter::proc type : 
TRACE::2021-04-28.11:35:19::SCWBifWriter::proc[0] : ps7_cortexa9_0
TRACE::2021-04-28.11:35:19::SCWBifWriter::Device type is : zynq
TRACE::2021-04-28.11:35:19::SCWBifWriter::Writing BIF to file : D:/Workspace/EE234_FinalProject_system/Debug/system.bif
TRACE::2021-04-28.11:35:19::SCWBifWriter::Writing the Zynq Baremetal bif 
TRACE::2021-04-28.14:48:55::SCWBifWriter::Found the complete platform D:/Workspace/blackboard_bist/export/blackboard_bist/blackboard_bist.xpfm
TRACE::2021-04-28.14:48:55::SCWBifWriter::hardware databse : system_wrapper
TRACE::2021-04-28.14:48:55::SCWBifWriter::bitstream found in the design
TRACE::2021-04-28.14:48:55::SCWBifWriter::Found a baremetal domain, proc: ps7_cortexa9_0
TRACE::2021-04-28.14:48:55::SCWBifWriter::proc type : 
TRACE::2021-04-28.14:48:55::SCWBifWriter::proc[0] : ps7_cortexa9_0
TRACE::2021-04-28.14:48:55::SCWBifWriter::Device type is : zynq
TRACE::2021-04-28.14:48:55::SCWBifWriter::Writing BIF to file : D:/Workspace/EE234_FinalProject_system/Debug/system.bif
TRACE::2021-04-28.14:48:55::SCWBifWriter::Writing the Zynq Baremetal bif 
TRACE::2021-04-28.14:53:24::SCWBifWriter::Found the complete platform D:/Workspace/blackboard_bist/export/blackboard_bist/blackboard_bist.xpfm
TRACE::2021-04-28.14:53:24::SCWBifWriter::hardware databse : system_wrapper
TRACE::2021-04-28.14:53:24::SCWBifWriter::bitstream found in the design
TRACE::2021-04-28.14:53:24::SCWBifWriter::Found a baremetal domain, proc: ps7_cortexa9_0
TRACE::2021-04-28.14:53:24::SCWBifWriter::proc type : 
TRACE::2021-04-28.14:53:24::SCWBifWriter::proc[0] : ps7_cortexa9_0
TRACE::2021-04-28.14:53:24::SCWBifWriter::Device type is : zynq
TRACE::2021-04-28.14:53:24::SCWBifWriter::Writing BIF to file : D:/Workspace/EE234_FinalProject_system/Debug/system.bif
TRACE::2021-04-28.14:53:24::SCWBifWriter::Writing the Zynq Baremetal bif 
TRACE::2021-04-28.14:55:10::SCWBifWriter::Found the complete platform D:/Workspace/blackboard_bist/export/blackboard_bist/blackboard_bist.xpfm
TRACE::2021-04-28.14:55:10::SCWBifWriter::hardware databse : system_wrapper
TRACE::2021-04-28.14:55:10::SCWBifWriter::bitstream found in the design
TRACE::2021-04-28.14:55:10::SCWBifWriter::Found a baremetal domain, proc: ps7_cortexa9_0
TRACE::2021-04-28.14:55:10::SCWBifWriter::proc type : 
TRACE::2021-04-28.14:55:10::SCWBifWriter::proc[0] : ps7_cortexa9_0
TRACE::2021-04-28.14:55:10::SCWBifWriter::Device type is : zynq
TRACE::2021-04-28.14:55:10::SCWBifWriter::Writing BIF to file : D:/Workspace/EE234_FinalProject_system/Debug/system.bif
TRACE::2021-04-28.14:55:10::SCWBifWriter::Writing the Zynq Baremetal bif 
TRACE::2021-04-28.15:11:48::SCWBifWriter::Found the complete platform D:/Workspace/blackboard_bist/export/blackboard_bist/blackboard_bist.xpfm
TRACE::2021-04-28.15:11:48::SCWBifWriter::hardware databse : system_wrapper_3
TRACE::2021-04-28.15:11:48::SCWBifWriter::bitstream found in the design
TRACE::2021-04-28.15:11:48::SCWBifWriter::Found a baremetal domain, proc: ps7_cortexa9_0
TRACE::2021-04-28.15:11:48::SCWBifWriter::proc type : 
TRACE::2021-04-28.15:11:48::SCWBifWriter::proc[0] : ps7_cortexa9_0
TRACE::2021-04-28.15:11:48::SCWBifWriter::Device type is : zynq
TRACE::2021-04-28.15:11:48::SCWBifWriter::Writing BIF to file : D:/Workspace/EE234_FinalProject_system/Debug/system.bif
TRACE::2021-04-28.15:11:48::SCWBifWriter::Writing the Zynq Baremetal bif 
TRACE::2021-04-29.09:02:32::SCWBifWriter::Found the complete platform D:/Workspace/blackboard_bist/export/blackboard_bist/blackboard_bist.xpfm
TRACE::2021-04-29.09:02:33::SCWBifWriter::hardware databse : system_wrapper
TRACE::2021-04-29.09:02:33::SCWBifWriter::bitstream found in the design
TRACE::2021-04-29.09:02:33::SCWBifWriter::Found a baremetal domain, proc: ps7_cortexa9_0
TRACE::2021-04-29.09:02:33::SCWBifWriter::proc type : 
TRACE::2021-04-29.09:02:33::SCWBifWriter::proc[0] : ps7_cortexa9_0
TRACE::2021-04-29.09:02:33::SCWBifWriter::Device type is : zynq
TRACE::2021-04-29.09:02:33::SCWBifWriter::Writing BIF to file : D:/Workspace/EE234_FinalProject_system/Debug/system.bif
TRACE::2021-04-29.09:02:33::SCWBifWriter::Writing the Zynq Baremetal bif 
TRACE::2021-04-29.09:06:49::SCWBifWriter::Found the complete platform D:/Workspace/blackboard_bist/export/blackboard_bist/blackboard_bist.xpfm
TRACE::2021-04-29.09:06:49::SCWBifWriter::hardware databse : system_wrapper_1
TRACE::2021-04-29.09:06:49::SCWBifWriter::bitstream found in the design
TRACE::2021-04-29.09:06:49::SCWBifWriter::Found a baremetal domain, proc: ps7_cortexa9_0
TRACE::2021-04-29.09:06:49::SCWBifWriter::proc type : 
TRACE::2021-04-29.09:06:49::SCWBifWriter::proc[0] : ps7_cortexa9_0
TRACE::2021-04-29.09:06:49::SCWBifWriter::Device type is : zynq
TRACE::2021-04-29.09:06:49::SCWBifWriter::Writing BIF to file : D:/Workspace/EE234_FinalProject_system/Debug/system.bif
TRACE::2021-04-29.09:06:49::SCWBifWriter::Writing the Zynq Baremetal bif 
TRACE::2021-04-29.09:12:20::SCWBifWriter::Found the complete platform D:/Workspace/blackboard_bist/export/blackboard_bist/blackboard_bist.xpfm
TRACE::2021-04-29.09:12:21::SCWBifWriter::hardware databse : system_wrapper_2
TRACE::2021-04-29.09:12:21::SCWBifWriter::bitstream found in the design
TRACE::2021-04-29.09:12:21::SCWBifWriter::Found a baremetal domain, proc: ps7_cortexa9_0
TRACE::2021-04-29.09:12:21::SCWBifWriter::proc type : 
TRACE::2021-04-29.09:12:21::SCWBifWriter::proc[0] : ps7_cortexa9_0
TRACE::2021-04-29.09:12:21::SCWBifWriter::Device type is : zynq
TRACE::2021-04-29.09:12:21::SCWBifWriter::Writing BIF to file : D:/Workspace/EE234_FinalProject_system/Debug/system.bif
TRACE::2021-04-29.09:12:21::SCWBifWriter::Writing the Zynq Baremetal bif 
TRACE::2021-04-29.09:28:44::SCWBifWriter::Found the complete platform D:/Workspace/blackboard_bist/export/blackboard_bist/blackboard_bist.xpfm
TRACE::2021-04-29.09:28:44::SCWBifWriter::hardware databse : system_wrapper_3
TRACE::2021-04-29.09:28:44::SCWBifWriter::bitstream found in the design
TRACE::2021-04-29.09:28:44::SCWBifWriter::Found a baremetal domain, proc: ps7_cortexa9_0
TRACE::2021-04-29.09:28:44::SCWBifWriter::proc type : 
TRACE::2021-04-29.09:28:44::SCWBifWriter::proc[0] : ps7_cortexa9_0
TRACE::2021-04-29.09:28:44::SCWBifWriter::Device type is : zynq
TRACE::2021-04-29.09:28:44::SCWBifWriter::Writing BIF to file : D:/Workspace/EE234_FinalProject_system/Debug/system.bif
TRACE::2021-04-29.09:28:44::SCWBifWriter::Writing the Zynq Baremetal bif 
TRACE::2021-04-29.09:32:22::SCWBifWriter::Found the complete platform D:/Workspace/blackboard_bist/export/blackboard_bist/blackboard_bist.xpfm
TRACE::2021-04-29.09:32:22::SCWBifWriter::hardware databse : system_wrapper_4
TRACE::2021-04-29.09:32:22::SCWBifWriter::bitstream found in the design
TRACE::2021-04-29.09:32:22::SCWBifWriter::Found a baremetal domain, proc: ps7_cortexa9_0
TRACE::2021-04-29.09:32:22::SCWBifWriter::proc type : 
TRACE::2021-04-29.09:32:22::SCWBifWriter::proc[0] : ps7_cortexa9_0
TRACE::2021-04-29.09:32:22::SCWBifWriter::Device type is : zynq
TRACE::2021-04-29.09:32:22::SCWBifWriter::Writing BIF to file : D:/Workspace/EE234_FinalProject_system/Debug/system.bif
TRACE::2021-04-29.09:32:22::SCWBifWriter::Writing the Zynq Baremetal bif 
TRACE::2021-04-29.09:35:40::SCWBifWriter::Found the complete platform D:/Workspace/blackboard_bist/export/blackboard_bist/blackboard_bist.xpfm
TRACE::2021-04-29.09:35:40::SCWBifWriter::hardware databse : system_wrapper_6
TRACE::2021-04-29.09:35:40::SCWBifWriter::bitstream found in the design
TRACE::2021-04-29.09:35:40::SCWBifWriter::Found a baremetal domain, proc: ps7_cortexa9_0
TRACE::2021-04-29.09:35:40::SCWBifWriter::proc type : 
TRACE::2021-04-29.09:35:40::SCWBifWriter::proc[0] : ps7_cortexa9_0
TRACE::2021-04-29.09:35:40::SCWBifWriter::Device type is : zynq
TRACE::2021-04-29.09:35:40::SCWBifWriter::Writing BIF to file : D:/Workspace/EE234_FinalProject_system/Debug/system.bif
TRACE::2021-04-29.09:35:40::SCWBifWriter::Writing the Zynq Baremetal bif 
TRACE::2021-04-29.09:37:59::SCWBifWriter::Found the complete platform D:/Workspace/blackboard_bist/export/blackboard_bist/blackboard_bist.xpfm
TRACE::2021-04-29.09:37:59::SCWBifWriter::hardware databse : system_wrapper_7
TRACE::2021-04-29.09:37:59::SCWBifWriter::bitstream found in the design
TRACE::2021-04-29.09:37:59::SCWBifWriter::Found a baremetal domain, proc: ps7_cortexa9_0
TRACE::2021-04-29.09:37:59::SCWBifWriter::proc type : 
TRACE::2021-04-29.09:37:59::SCWBifWriter::proc[0] : ps7_cortexa9_0
TRACE::2021-04-29.09:37:59::SCWBifWriter::Device type is : zynq
TRACE::2021-04-29.09:37:59::SCWBifWriter::Writing BIF to file : D:/Workspace/EE234_FinalProject_system/Debug/system.bif
TRACE::2021-04-29.09:37:59::SCWBifWriter::Writing the Zynq Baremetal bif 
TRACE::2021-04-29.09:42:30::SCWBifWriter::Found the complete platform D:/Workspace/blackboard_bist/export/blackboard_bist/blackboard_bist.xpfm
TRACE::2021-04-29.09:42:30::SCWBifWriter::hardware databse : system_wrapper_12
TRACE::2021-04-29.09:42:30::SCWBifWriter::bitstream found in the design
TRACE::2021-04-29.09:42:30::SCWBifWriter::Found a baremetal domain, proc: ps7_cortexa9_0
TRACE::2021-04-29.09:42:30::SCWBifWriter::proc type : 
TRACE::2021-04-29.09:42:30::SCWBifWriter::proc[0] : ps7_cortexa9_0
TRACE::2021-04-29.09:42:30::SCWBifWriter::Device type is : zynq
TRACE::2021-04-29.09:42:30::SCWBifWriter::Writing BIF to file : D:/Workspace/EE234_FinalProject_system/Debug/system.bif
TRACE::2021-04-29.09:42:30::SCWBifWriter::Writing the Zynq Baremetal bif 
TRACE::2021-04-29.09:46:49::SCWBifWriter::Found the complete platform D:/Workspace/blackboard_bist/export/blackboard_bist/blackboard_bist.xpfm
TRACE::2021-04-29.09:46:49::SCWBifWriter::hardware databse : system_wrapper_13
TRACE::2021-04-29.09:46:49::SCWBifWriter::bitstream found in the design
TRACE::2021-04-29.09:46:49::SCWBifWriter::Found a baremetal domain, proc: ps7_cortexa9_0
TRACE::2021-04-29.09:46:49::SCWBifWriter::proc type : 
TRACE::2021-04-29.09:46:49::SCWBifWriter::proc[0] : ps7_cortexa9_0
TRACE::2021-04-29.09:46:49::SCWBifWriter::Device type is : zynq
TRACE::2021-04-29.09:46:49::SCWBifWriter::Writing BIF to file : D:/Workspace/EE234_FinalProject_system/Debug/system.bif
TRACE::2021-04-29.09:46:49::SCWBifWriter::Writing the Zynq Baremetal bif 
TRACE::2021-04-29.09:47:19::SCWBifWriter::Found the complete platform D:/Workspace/blackboard_bist/export/blackboard_bist/blackboard_bist.xpfm
TRACE::2021-04-29.09:47:19::SCWBifWriter::hardware databse : system_wrapper_13
TRACE::2021-04-29.09:47:19::SCWBifWriter::bitstream found in the design
TRACE::2021-04-29.09:47:19::SCWBifWriter::Found a baremetal domain, proc: ps7_cortexa9_0
TRACE::2021-04-29.09:47:19::SCWBifWriter::proc type : 
TRACE::2021-04-29.09:47:19::SCWBifWriter::proc[0] : ps7_cortexa9_0
TRACE::2021-04-29.09:47:19::SCWBifWriter::Device type is : zynq
TRACE::2021-04-29.09:47:19::SCWBifWriter::Writing BIF to file : D:/Workspace/EE234_FinalProject_system/Debug/system.bif
TRACE::2021-04-29.09:47:19::SCWBifWriter::Writing the Zynq Baremetal bif 
TRACE::2021-04-29.09:48:49::SCWBifWriter::Found the complete platform D:/Workspace/blackboard_bist/export/blackboard_bist/blackboard_bist.xpfm
TRACE::2021-04-29.09:48:49::SCWBifWriter::hardware databse : system_wrapper_14
TRACE::2021-04-29.09:48:49::SCWBifWriter::bitstream found in the design
TRACE::2021-04-29.09:48:49::SCWBifWriter::Found a baremetal domain, proc: ps7_cortexa9_0
TRACE::2021-04-29.09:48:49::SCWBifWriter::proc type : 
TRACE::2021-04-29.09:48:49::SCWBifWriter::proc[0] : ps7_cortexa9_0
TRACE::2021-04-29.09:48:49::SCWBifWriter::Device type is : zynq
TRACE::2021-04-29.09:48:49::SCWBifWriter::Writing BIF to file : D:/Workspace/EE234_FinalProject_system/Debug/system.bif
TRACE::2021-04-29.09:48:49::SCWBifWriter::Writing the Zynq Baremetal bif 
TRACE::2021-04-29.09:49:40::SCWBifWriter::Found the complete platform D:/Workspace/blackboard_bist/export/blackboard_bist/blackboard_bist.xpfm
TRACE::2021-04-29.09:49:40::SCWBifWriter::hardware databse : system_wrapper_14
TRACE::2021-04-29.09:49:40::SCWBifWriter::bitstream found in the design
TRACE::2021-04-29.09:49:40::SCWBifWriter::Found a baremetal domain, proc: ps7_cortexa9_0
TRACE::2021-04-29.09:49:40::SCWBifWriter::proc type : 
TRACE::2021-04-29.09:49:40::SCWBifWriter::proc[0] : ps7_cortexa9_0
TRACE::2021-04-29.09:49:40::SCWBifWriter::Device type is : zynq
TRACE::2021-04-29.09:49:40::SCWBifWriter::Writing BIF to file : D:/Workspace/EE234_FinalProject_system/Debug/system.bif
TRACE::2021-04-29.09:49:40::SCWBifWriter::Writing the Zynq Baremetal bif 
TRACE::2021-04-29.09:57:41::SCWBifWriter::Found the complete platform D:/Workspace/blackboard_bist/export/blackboard_bist/blackboard_bist.xpfm
TRACE::2021-04-29.09:57:42::SCWBifWriter::hardware databse : system_wrapper_17
TRACE::2021-04-29.09:57:42::SCWBifWriter::bitstream found in the design
TRACE::2021-04-29.09:57:42::SCWBifWriter::Found a baremetal domain, proc: ps7_cortexa9_0
TRACE::2021-04-29.09:57:42::SCWBifWriter::proc type : 
TRACE::2021-04-29.09:57:42::SCWBifWriter::proc[0] : ps7_cortexa9_0
TRACE::2021-04-29.09:57:42::SCWBifWriter::Device type is : zynq
TRACE::2021-04-29.09:57:42::SCWBifWriter::Writing BIF to file : D:/Workspace/EE234_FinalProject_system/Debug/system.bif
TRACE::2021-04-29.09:57:42::SCWBifWriter::Writing the Zynq Baremetal bif 
TRACE::2021-04-29.10:59:29::SCWBifWriter::Found the complete platform D:/Workspace/blackboard_bist/export/blackboard_bist/blackboard_bist.xpfm
TRACE::2021-04-29.10:59:30::SCWBifWriter::hardware databse : system_wrapper_18
TRACE::2021-04-29.10:59:30::SCWBifWriter::bitstream found in the design
TRACE::2021-04-29.10:59:30::SCWBifWriter::Found a baremetal domain, proc: ps7_cortexa9_0
TRACE::2021-04-29.10:59:30::SCWBifWriter::proc type : 
TRACE::2021-04-29.10:59:30::SCWBifWriter::proc[0] : ps7_cortexa9_0
TRACE::2021-04-29.10:59:30::SCWBifWriter::Device type is : zynq
TRACE::2021-04-29.10:59:30::SCWBifWriter::Writing BIF to file : D:/Workspace/EE234_FinalProject_system/Debug/system.bif
TRACE::2021-04-29.10:59:30::SCWBifWriter::Writing the Zynq Baremetal bif 
TRACE::2021-04-29.11:00:21::SCWBifWriter::Found the complete platform D:/Workspace/blackboard_bist/export/blackboard_bist/blackboard_bist.xpfm
TRACE::2021-04-29.11:00:21::SCWBifWriter::hardware databse : system_wrapper_18
TRACE::2021-04-29.11:00:21::SCWBifWriter::bitstream found in the design
TRACE::2021-04-29.11:00:21::SCWBifWriter::Found a baremetal domain, proc: ps7_cortexa9_0
TRACE::2021-04-29.11:00:21::SCWBifWriter::proc type : 
TRACE::2021-04-29.11:00:21::SCWBifWriter::proc[0] : ps7_cortexa9_0
TRACE::2021-04-29.11:00:21::SCWBifWriter::Device type is : zynq
TRACE::2021-04-29.11:00:21::SCWBifWriter::Writing BIF to file : D:/Workspace/EE234_FinalProject_system/Debug/system.bif
TRACE::2021-04-29.11:00:21::SCWBifWriter::Writing the Zynq Baremetal bif 
TRACE::2021-04-29.11:01:03::SCWBifWriter::Found the complete platform D:/Workspace/blackboard_bist/export/blackboard_bist/blackboard_bist.xpfm
TRACE::2021-04-29.11:01:03::SCWBifWriter::hardware databse : system_wrapper_18
TRACE::2021-04-29.11:01:03::SCWBifWriter::bitstream found in the design
TRACE::2021-04-29.11:01:03::SCWBifWriter::Found a baremetal domain, proc: ps7_cortexa9_0
TRACE::2021-04-29.11:01:03::SCWBifWriter::proc type : 
TRACE::2021-04-29.11:01:03::SCWBifWriter::proc[0] : ps7_cortexa9_0
TRACE::2021-04-29.11:01:03::SCWBifWriter::Device type is : zynq
TRACE::2021-04-29.11:01:03::SCWBifWriter::Writing BIF to file : D:/Workspace/EE234_FinalProject_system/Debug/system.bif
TRACE::2021-04-29.11:01:03::SCWBifWriter::Writing the Zynq Baremetal bif 
TRACE::2021-04-29.11:17:37::SCWBifWriter::Found the complete platform D:/Workspace/blackboard_bist/export/blackboard_bist/blackboard_bist.xpfm
TRACE::2021-04-29.11:17:37::SCWBifWriter::hardware databse : system_wrapper_23
TRACE::2021-04-29.11:17:37::SCWBifWriter::bitstream found in the design
TRACE::2021-04-29.11:17:37::SCWBifWriter::Found a baremetal domain, proc: ps7_cortexa9_0
TRACE::2021-04-29.11:17:37::SCWBifWriter::proc type : 
TRACE::2021-04-29.11:17:37::SCWBifWriter::proc[0] : ps7_cortexa9_0
TRACE::2021-04-29.11:17:37::SCWBifWriter::Device type is : zynq
TRACE::2021-04-29.11:17:37::SCWBifWriter::Writing BIF to file : D:/Workspace/EE234_FinalProject_system/Debug/system.bif
TRACE::2021-04-29.11:17:37::SCWBifWriter::Writing the Zynq Baremetal bif 
TRACE::2021-04-29.11:59:52::SCWBifWriter::Found the complete platform D:/Workspace/blackboard_bist/export/blackboard_bist/blackboard_bist.xpfm
TRACE::2021-04-29.11:59:52::SCWBifWriter::hardware databse : system_wrapper_48
TRACE::2021-04-29.11:59:52::SCWBifWriter::bitstream found in the design
TRACE::2021-04-29.11:59:52::SCWBifWriter::Found a baremetal domain, proc: ps7_cortexa9_0
TRACE::2021-04-29.11:59:52::SCWBifWriter::proc type : 
TRACE::2021-04-29.11:59:52::SCWBifWriter::proc[0] : ps7_cortexa9_0
TRACE::2021-04-29.11:59:52::SCWBifWriter::Device type is : zynq
TRACE::2021-04-29.11:59:52::SCWBifWriter::Writing BIF to file : D:/Workspace/EE234_FinalProject_system/Debug/system.bif
TRACE::2021-04-29.11:59:52::SCWBifWriter::Writing the Zynq Baremetal bif 
TRACE::2021-04-29.12:17:31::SCWBifWriter::Found the complete platform D:/Workspace/blackboard_bist/export/blackboard_bist/blackboard_bist.xpfm
TRACE::2021-04-29.12:17:31::SCWBifWriter::hardware databse : system_wrapper_51
TRACE::2021-04-29.12:17:31::SCWBifWriter::bitstream found in the design
TRACE::2021-04-29.12:17:31::SCWBifWriter::Found a baremetal domain, proc: ps7_cortexa9_0
TRACE::2021-04-29.12:17:31::SCWBifWriter::proc type : 
TRACE::2021-04-29.12:17:31::SCWBifWriter::proc[0] : ps7_cortexa9_0
TRACE::2021-04-29.12:17:31::SCWBifWriter::Device type is : zynq
TRACE::2021-04-29.12:17:31::SCWBifWriter::Writing BIF to file : D:/Workspace/EE234_FinalProject_system/Debug/system.bif
TRACE::2021-04-29.12:17:31::SCWBifWriter::Writing the Zynq Baremetal bif 
TRACE::2021-04-29.12:59:16::SCWBifWriter::Found the complete platform D:/Workspace/blackboard_bist/export/blackboard_bist/blackboard_bist.xpfm
TRACE::2021-04-29.12:59:16::SCWBifWriter::hardware databse : system_wrapper_52
TRACE::2021-04-29.12:59:16::SCWBifWriter::bitstream found in the design
TRACE::2021-04-29.12:59:16::SCWBifWriter::Found a baremetal domain, proc: ps7_cortexa9_0
TRACE::2021-04-29.12:59:16::SCWBifWriter::proc type : 
TRACE::2021-04-29.12:59:16::SCWBifWriter::proc[0] : ps7_cortexa9_0
TRACE::2021-04-29.12:59:16::SCWBifWriter::Device type is : zynq
TRACE::2021-04-29.12:59:16::SCWBifWriter::Writing BIF to file : D:/Workspace/EE234_FinalProject_system/Debug/system.bif
TRACE::2021-04-29.12:59:16::SCWBifWriter::Writing the Zynq Baremetal bif 
TRACE::2021-04-29.13:55:26::SCWBifWriter::Found the complete platform D:/Workspace/blackboard_bist/export/blackboard_bist/blackboard_bist.xpfm
TRACE::2021-04-29.13:55:26::SCWBifWriter::hardware databse : system_wrapper_54
TRACE::2021-04-29.13:55:26::SCWBifWriter::bitstream found in the design
TRACE::2021-04-29.13:55:26::SCWBifWriter::Found a baremetal domain, proc: ps7_cortexa9_0
TRACE::2021-04-29.13:55:26::SCWBifWriter::proc type : 
TRACE::2021-04-29.13:55:26::SCWBifWriter::proc[0] : ps7_cortexa9_0
TRACE::2021-04-29.13:55:26::SCWBifWriter::Device type is : zynq
TRACE::2021-04-29.13:55:26::SCWBifWriter::Writing BIF to file : D:/Workspace/EE234_FinalProject_system/Debug/system.bif
TRACE::2021-04-29.13:55:26::SCWBifWriter::Writing the Zynq Baremetal bif 
TRACE::2021-04-29.13:57:48::SCWBifWriter::Found the complete platform D:/Workspace/blackboard_bist/export/blackboard_bist/blackboard_bist.xpfm
TRACE::2021-04-29.13:57:48::SCWBifWriter::hardware databse : system_wrapper_54
TRACE::2021-04-29.13:57:48::SCWBifWriter::bitstream found in the design
TRACE::2021-04-29.13:57:48::SCWBifWriter::Found a baremetal domain, proc: ps7_cortexa9_0
TRACE::2021-04-29.13:57:48::SCWBifWriter::proc type : 
TRACE::2021-04-29.13:57:48::SCWBifWriter::proc[0] : ps7_cortexa9_0
TRACE::2021-04-29.13:57:48::SCWBifWriter::Device type is : zynq
TRACE::2021-04-29.13:57:48::SCWBifWriter::Writing BIF to file : D:/Workspace/EE234_FinalProject_system/Debug/system.bif
TRACE::2021-04-29.13:57:48::SCWBifWriter::Writing the Zynq Baremetal bif 
TRACE::2021-04-29.14:02:04::SCWBifWriter::Found the complete platform D:/Workspace/blackboard_bist/export/blackboard_bist/blackboard_bist.xpfm
TRACE::2021-04-29.14:02:04::SCWBifWriter::hardware databse : system_wrapper_54
TRACE::2021-04-29.14:02:04::SCWBifWriter::bitstream found in the design
TRACE::2021-04-29.14:02:04::SCWBifWriter::Found a baremetal domain, proc: ps7_cortexa9_0
TRACE::2021-04-29.14:02:04::SCWBifWriter::proc type : 
TRACE::2021-04-29.14:02:04::SCWBifWriter::proc[0] : ps7_cortexa9_0
TRACE::2021-04-29.14:02:04::SCWBifWriter::Device type is : zynq
TRACE::2021-04-29.14:02:04::SCWBifWriter::Writing BIF to file : D:/Workspace/EE234_FinalProject_system/Debug/system.bif
TRACE::2021-04-29.14:02:04::SCWBifWriter::Writing the Zynq Baremetal bif 
TRACE::2021-04-29.14:26:51::SCWBifWriter::Found the complete platform D:/Workspace/blackboard_bist/export/blackboard_bist/blackboard_bist.xpfm
TRACE::2021-04-29.14:26:51::SCWBifWriter::hardware databse : system_wrapper_54
TRACE::2021-04-29.14:26:51::SCWBifWriter::bitstream found in the design
TRACE::2021-04-29.14:26:51::SCWBifWriter::Found a baremetal domain, proc: ps7_cortexa9_0
TRACE::2021-04-29.14:26:51::SCWBifWriter::proc type : 
TRACE::2021-04-29.14:26:51::SCWBifWriter::proc[0] : ps7_cortexa9_0
TRACE::2021-04-29.14:26:51::SCWBifWriter::Device type is : zynq
TRACE::2021-04-29.14:26:51::SCWBifWriter::Writing BIF to file : D:/Workspace/EE234_FinalProject_system/Debug/system.bif
TRACE::2021-04-29.14:26:51::SCWBifWriter::Writing the Zynq Baremetal bif 
TRACE::2021-04-29.14:28:01::SCWBifWriter::Found the complete platform D:/Workspace/blackboard_bist/export/blackboard_bist/blackboard_bist.xpfm
TRACE::2021-04-29.14:28:01::SCWBifWriter::hardware databse : system_wrapper_54
TRACE::2021-04-29.14:28:01::SCWBifWriter::bitstream found in the design
TRACE::2021-04-29.14:28:01::SCWBifWriter::Found a baremetal domain, proc: ps7_cortexa9_0
TRACE::2021-04-29.14:28:01::SCWBifWriter::proc type : 
TRACE::2021-04-29.14:28:01::SCWBifWriter::proc[0] : ps7_cortexa9_0
TRACE::2021-04-29.14:28:01::SCWBifWriter::Device type is : zynq
TRACE::2021-04-29.14:28:01::SCWBifWriter::Writing BIF to file : D:/Workspace/EE234_FinalProject_system/Debug/system.bif
TRACE::2021-04-29.14:28:01::SCWBifWriter::Writing the Zynq Baremetal bif 
TRACE::2021-04-29.14:28:14::SCWBifWriter::Found the complete platform D:/Workspace/blackboard_bist/export/blackboard_bist/blackboard_bist.xpfm
TRACE::2021-04-29.14:28:14::SCWBifWriter::hardware databse : system_wrapper_54
TRACE::2021-04-29.14:28:14::SCWBifWriter::bitstream found in the design
TRACE::2021-04-29.14:28:14::SCWBifWriter::Found a baremetal domain, proc: ps7_cortexa9_0
TRACE::2021-04-29.14:28:14::SCWBifWriter::proc type : 
TRACE::2021-04-29.14:28:14::SCWBifWriter::proc[0] : ps7_cortexa9_0
TRACE::2021-04-29.14:28:14::SCWBifWriter::Device type is : zynq
TRACE::2021-04-29.14:28:14::SCWBifWriter::Writing BIF to file : D:/Workspace/EE234_FinalProject_system/Debug/system.bif
TRACE::2021-04-29.14:28:14::SCWBifWriter::Writing the Zynq Baremetal bif 
TRACE::2021-04-29.14:28:58::SCWBifWriter::Found the complete platform D:/Workspace/blackboard_bist/export/blackboard_bist/blackboard_bist.xpfm
TRACE::2021-04-29.14:28:59::SCWBifWriter::hardware databse : system_wrapper_54
TRACE::2021-04-29.14:28:59::SCWBifWriter::bitstream found in the design
TRACE::2021-04-29.14:28:59::SCWBifWriter::Found a baremetal domain, proc: ps7_cortexa9_0
TRACE::2021-04-29.14:28:59::SCWBifWriter::proc type : 
TRACE::2021-04-29.14:28:59::SCWBifWriter::proc[0] : ps7_cortexa9_0
TRACE::2021-04-29.14:28:59::SCWBifWriter::Device type is : zynq
TRACE::2021-04-29.14:28:59::SCWBifWriter::Writing BIF to file : D:/Workspace/EE234_FinalProject_system/Debug/system.bif
TRACE::2021-04-29.14:28:59::SCWBifWriter::Writing the Zynq Baremetal bif 
TRACE::2021-04-29.14:29:46::SCWBifWriter::Found the complete platform D:/Workspace/blackboard_bist/export/blackboard_bist/blackboard_bist.xpfm
TRACE::2021-04-29.14:29:46::SCWBifWriter::hardware databse : system_wrapper_54
TRACE::2021-04-29.14:29:46::SCWBifWriter::bitstream found in the design
TRACE::2021-04-29.14:29:46::SCWBifWriter::Found a baremetal domain, proc: ps7_cortexa9_0
TRACE::2021-04-29.14:29:46::SCWBifWriter::proc type : 
TRACE::2021-04-29.14:29:46::SCWBifWriter::proc[0] : ps7_cortexa9_0
TRACE::2021-04-29.14:29:46::SCWBifWriter::Device type is : zynq
TRACE::2021-04-29.14:29:46::SCWBifWriter::Writing BIF to file : D:/Workspace/EE234_FinalProject_system/Debug/system.bif
TRACE::2021-04-29.14:29:46::SCWBifWriter::Writing the Zynq Baremetal bif 
TRACE::2021-04-29.14:30:26::SCWBifWriter::Found the complete platform D:/Workspace/blackboard_bist/export/blackboard_bist/blackboard_bist.xpfm
TRACE::2021-04-29.14:30:26::SCWBifWriter::hardware databse : system_wrapper_54
TRACE::2021-04-29.14:30:26::SCWBifWriter::bitstream found in the design
TRACE::2021-04-29.14:30:26::SCWBifWriter::Found a baremetal domain, proc: ps7_cortexa9_0
TRACE::2021-04-29.14:30:26::SCWBifWriter::proc type : 
TRACE::2021-04-29.14:30:26::SCWBifWriter::proc[0] : ps7_cortexa9_0
TRACE::2021-04-29.14:30:26::SCWBifWriter::Device type is : zynq
TRACE::2021-04-29.14:30:26::SCWBifWriter::Writing BIF to file : D:/Workspace/EE234_FinalProject_system/Debug/system.bif
TRACE::2021-04-29.14:30:26::SCWBifWriter::Writing the Zynq Baremetal bif 
TRACE::2021-04-29.14:36:38::SCWBifWriter::Found the complete platform D:/Workspace/blackboard_bist/export/blackboard_bist/blackboard_bist.xpfm
TRACE::2021-04-29.14:36:38::SCWBifWriter::hardware databse : system_wrapper_56
TRACE::2021-04-29.14:36:38::SCWBifWriter::bitstream found in the design
TRACE::2021-04-29.14:36:38::SCWBifWriter::Found a baremetal domain, proc: ps7_cortexa9_0
TRACE::2021-04-29.14:36:38::SCWBifWriter::proc type : 
TRACE::2021-04-29.14:36:38::SCWBifWriter::proc[0] : ps7_cortexa9_0
TRACE::2021-04-29.14:36:38::SCWBifWriter::Device type is : zynq
TRACE::2021-04-29.14:36:38::SCWBifWriter::Writing BIF to file : D:/Workspace/EE234_FinalProject_system/Debug/system.bif
TRACE::2021-04-29.14:36:38::SCWBifWriter::Writing the Zynq Baremetal bif 
TRACE::2021-04-29.14:37:02::SCWBifWriter::Found the complete platform D:/Workspace/blackboard_bist/export/blackboard_bist/blackboard_bist.xpfm
TRACE::2021-04-29.14:37:02::SCWBifWriter::hardware databse : system_wrapper_56
TRACE::2021-04-29.14:37:02::SCWBifWriter::bitstream found in the design
TRACE::2021-04-29.14:37:02::SCWBifWriter::Found a baremetal domain, proc: ps7_cortexa9_0
TRACE::2021-04-29.14:37:02::SCWBifWriter::proc type : 
TRACE::2021-04-29.14:37:02::SCWBifWriter::proc[0] : ps7_cortexa9_0
TRACE::2021-04-29.14:37:02::SCWBifWriter::Device type is : zynq
TRACE::2021-04-29.14:37:02::SCWBifWriter::Writing BIF to file : D:/Workspace/EE234_FinalProject_system/Debug/system.bif
TRACE::2021-04-29.14:37:02::SCWBifWriter::Writing the Zynq Baremetal bif 
TRACE::2021-04-29.14:37:18::SCWBifWriter::Found the complete platform D:/Workspace/blackboard_bist/export/blackboard_bist/blackboard_bist.xpfm
TRACE::2021-04-29.14:37:18::SCWBifWriter::hardware databse : system_wrapper_56
TRACE::2021-04-29.14:37:18::SCWBifWriter::bitstream found in the design
TRACE::2021-04-29.14:37:18::SCWBifWriter::Found a baremetal domain, proc: ps7_cortexa9_0
TRACE::2021-04-29.14:37:18::SCWBifWriter::proc type : 
TRACE::2021-04-29.14:37:18::SCWBifWriter::proc[0] : ps7_cortexa9_0
TRACE::2021-04-29.14:37:18::SCWBifWriter::Device type is : zynq
TRACE::2021-04-29.14:37:18::SCWBifWriter::Writing BIF to file : D:/Workspace/EE234_FinalProject_system/Debug/system.bif
TRACE::2021-04-29.14:37:18::SCWBifWriter::Writing the Zynq Baremetal bif 
TRACE::2021-04-29.14:38:45::SCWBifWriter::Found the complete platform D:/Workspace/blackboard_bist/export/blackboard_bist/blackboard_bist.xpfm
TRACE::2021-04-29.14:38:45::SCWBifWriter::hardware databse : system_wrapper_56
TRACE::2021-04-29.14:38:45::SCWBifWriter::bitstream found in the design
TRACE::2021-04-29.14:38:45::SCWBifWriter::Found a baremetal domain, proc: ps7_cortexa9_0
TRACE::2021-04-29.14:38:45::SCWBifWriter::proc type : 
TRACE::2021-04-29.14:38:45::SCWBifWriter::proc[0] : ps7_cortexa9_0
TRACE::2021-04-29.14:38:45::SCWBifWriter::Device type is : zynq
TRACE::2021-04-29.14:38:45::SCWBifWriter::Writing BIF to file : D:/Workspace/EE234_FinalProject_system/Debug/system.bif
TRACE::2021-04-29.14:38:45::SCWBifWriter::Writing the Zynq Baremetal bif 
TRACE::2021-04-29.14:46:03::SCWBifWriter::Found the complete platform D:/Workspace/blackboard_bist/export/blackboard_bist/blackboard_bist.xpfm
TRACE::2021-04-29.14:46:03::SCWBifWriter::hardware databse : system_wrapper_58
TRACE::2021-04-29.14:46:03::SCWBifWriter::bitstream found in the design
TRACE::2021-04-29.14:46:03::SCWBifWriter::Found a baremetal domain, proc: ps7_cortexa9_0
TRACE::2021-04-29.14:46:03::SCWBifWriter::proc type : 
TRACE::2021-04-29.14:46:03::SCWBifWriter::proc[0] : ps7_cortexa9_0
TRACE::2021-04-29.14:46:03::SCWBifWriter::Device type is : zynq
TRACE::2021-04-29.14:46:03::SCWBifWriter::Writing BIF to file : D:/Workspace/EE234_FinalProject_system/Debug/system.bif
TRACE::2021-04-29.14:46:03::SCWBifWriter::Writing the Zynq Baremetal bif 
TRACE::2021-04-29.14:46:59::SCWBifWriter::Found the complete platform D:/Workspace/blackboard_bist/export/blackboard_bist/blackboard_bist.xpfm
TRACE::2021-04-29.14:47:00::SCWBifWriter::hardware databse : system_wrapper_58
TRACE::2021-04-29.14:47:00::SCWBifWriter::bitstream found in the design
TRACE::2021-04-29.14:47:00::SCWBifWriter::Found a baremetal domain, proc: ps7_cortexa9_0
TRACE::2021-04-29.14:47:00::SCWBifWriter::proc type : 
TRACE::2021-04-29.14:47:00::SCWBifWriter::proc[0] : ps7_cortexa9_0
TRACE::2021-04-29.14:47:00::SCWBifWriter::Device type is : zynq
TRACE::2021-04-29.14:47:00::SCWBifWriter::Writing BIF to file : D:/Workspace/EE234_FinalProject_system/Debug/system.bif
TRACE::2021-04-29.14:47:00::SCWBifWriter::Writing the Zynq Baremetal bif 
TRACE::2021-04-29.14:48:22::SCWBifWriter::Found the complete platform D:/Workspace/blackboard_bist/export/blackboard_bist/blackboard_bist.xpfm
TRACE::2021-04-29.14:48:22::SCWBifWriter::hardware databse : system_wrapper_58
TRACE::2021-04-29.14:48:22::SCWBifWriter::bitstream found in the design
TRACE::2021-04-29.14:48:22::SCWBifWriter::Found a baremetal domain, proc: ps7_cortexa9_0
TRACE::2021-04-29.14:48:22::SCWBifWriter::proc type : 
TRACE::2021-04-29.14:48:22::SCWBifWriter::proc[0] : ps7_cortexa9_0
TRACE::2021-04-29.14:48:22::SCWBifWriter::Device type is : zynq
TRACE::2021-04-29.14:48:22::SCWBifWriter::Writing BIF to file : D:/Workspace/EE234_FinalProject_system/Debug/system.bif
TRACE::2021-04-29.14:48:22::SCWBifWriter::Writing the Zynq Baremetal bif 
TRACE::2021-04-29.14:50:23::SCWBifWriter::Found the complete platform D:/Workspace/blackboard_bist/export/blackboard_bist/blackboard_bist.xpfm
TRACE::2021-04-29.14:50:23::SCWBifWriter::hardware databse : system_wrapper_58
TRACE::2021-04-29.14:50:23::SCWBifWriter::bitstream found in the design
TRACE::2021-04-29.14:50:23::SCWBifWriter::Found a baremetal domain, proc: ps7_cortexa9_0
TRACE::2021-04-29.14:50:23::SCWBifWriter::proc type : 
TRACE::2021-04-29.14:50:23::SCWBifWriter::proc[0] : ps7_cortexa9_0
TRACE::2021-04-29.14:50:23::SCWBifWriter::Device type is : zynq
TRACE::2021-04-29.14:50:23::SCWBifWriter::Writing BIF to file : D:/Workspace/EE234_FinalProject_system/Debug/system.bif
TRACE::2021-04-29.14:50:23::SCWBifWriter::Writing the Zynq Baremetal bif 
TRACE::2021-04-29.15:02:45::SCWBifWriter::Found the complete platform D:/Workspace/blackboard_bist/export/blackboard_bist/blackboard_bist.xpfm
TRACE::2021-04-29.15:02:45::SCWBifWriter::hardware databse : system_wrapper_58
TRACE::2021-04-29.15:02:45::SCWBifWriter::bitstream found in the design
TRACE::2021-04-29.15:02:45::SCWBifWriter::Found a baremetal domain, proc: ps7_cortexa9_0
TRACE::2021-04-29.15:02:45::SCWBifWriter::proc type : 
TRACE::2021-04-29.15:02:45::SCWBifWriter::proc[0] : ps7_cortexa9_0
TRACE::2021-04-29.15:02:45::SCWBifWriter::Device type is : zynq
TRACE::2021-04-29.15:02:45::SCWBifWriter::Writing BIF to file : D:/Workspace/EE234_FinalProject_system/Debug/system.bif
TRACE::2021-04-29.15:02:45::SCWBifWriter::Writing the Zynq Baremetal bif 
TRACE::2021-04-29.15:06:09::SCWBifWriter::Found the complete platform D:/Workspace/blackboard_bist/export/blackboard_bist/blackboard_bist.xpfm
TRACE::2021-04-29.15:06:09::SCWBifWriter::hardware databse : system_wrapper_58
TRACE::2021-04-29.15:06:09::SCWBifWriter::bitstream found in the design
TRACE::2021-04-29.15:06:09::SCWBifWriter::Found a baremetal domain, proc: ps7_cortexa9_0
TRACE::2021-04-29.15:06:09::SCWBifWriter::proc type : 
TRACE::2021-04-29.15:06:09::SCWBifWriter::proc[0] : ps7_cortexa9_0
TRACE::2021-04-29.15:06:09::SCWBifWriter::Device type is : zynq
TRACE::2021-04-29.15:06:09::SCWBifWriter::Writing BIF to file : D:/Workspace/EE234_FinalProject_system/Debug/system.bif
TRACE::2021-04-29.15:06:09::SCWBifWriter::Writing the Zynq Baremetal bif 
TRACE::2021-04-29.15:10:09::SCWBifWriter::Found the complete platform D:/Workspace/blackboard_bist/export/blackboard_bist/blackboard_bist.xpfm
TRACE::2021-04-29.15:10:09::SCWBifWriter::hardware databse : system_wrapper_58
TRACE::2021-04-29.15:10:09::SCWBifWriter::bitstream found in the design
TRACE::2021-04-29.15:10:09::SCWBifWriter::Found a baremetal domain, proc: ps7_cortexa9_0
TRACE::2021-04-29.15:10:09::SCWBifWriter::proc type : 
TRACE::2021-04-29.15:10:09::SCWBifWriter::proc[0] : ps7_cortexa9_0
TRACE::2021-04-29.15:10:09::SCWBifWriter::Device type is : zynq
TRACE::2021-04-29.15:10:09::SCWBifWriter::Writing BIF to file : D:/Workspace/EE234_FinalProject_system/Debug/system.bif
TRACE::2021-04-29.15:10:09::SCWBifWriter::Writing the Zynq Baremetal bif 
TRACE::2021-04-29.15:10:55::SCWBifWriter::Found the complete platform D:/Workspace/blackboard_bist/export/blackboard_bist/blackboard_bist.xpfm
TRACE::2021-04-29.15:10:55::SCWBifWriter::hardware databse : system_wrapper_58
TRACE::2021-04-29.15:10:55::SCWBifWriter::bitstream found in the design
TRACE::2021-04-29.15:10:55::SCWBifWriter::Found a baremetal domain, proc: ps7_cortexa9_0
TRACE::2021-04-29.15:10:55::SCWBifWriter::proc type : 
TRACE::2021-04-29.15:10:55::SCWBifWriter::proc[0] : ps7_cortexa9_0
TRACE::2021-04-29.15:10:55::SCWBifWriter::Device type is : zynq
TRACE::2021-04-29.15:10:55::SCWBifWriter::Writing BIF to file : D:/Workspace/EE234_FinalProject_system/Debug/system.bif
TRACE::2021-04-29.15:10:55::SCWBifWriter::Writing the Zynq Baremetal bif 
TRACE::2021-04-29.15:57:45::SCWBifWriter::Found the complete platform D:/Workspace/blackboard_bist/export/blackboard_bist/blackboard_bist.xpfm
TRACE::2021-04-29.15:57:45::SCWBifWriter::hardware databse : system_wrapper_58
TRACE::2021-04-29.15:57:45::SCWBifWriter::bitstream found in the design
TRACE::2021-04-29.15:57:45::SCWBifWriter::Found a baremetal domain, proc: ps7_cortexa9_0
TRACE::2021-04-29.15:57:45::SCWBifWriter::proc type : 
TRACE::2021-04-29.15:57:45::SCWBifWriter::proc[0] : ps7_cortexa9_0
TRACE::2021-04-29.15:57:45::SCWBifWriter::Device type is : zynq
TRACE::2021-04-29.15:57:45::SCWBifWriter::Writing BIF to file : D:/Workspace/EE234_FinalProject_system/Debug/system.bif
TRACE::2021-04-29.15:57:45::SCWBifWriter::Writing the Zynq Baremetal bif 
TRACE::2021-04-29.16:01:09::SCWBifWriter::Found the complete platform D:/Workspace/blackboard_bist/export/blackboard_bist/blackboard_bist.xpfm
TRACE::2021-04-29.16:01:10::SCWBifWriter::hardware databse : system_wrapper_58
TRACE::2021-04-29.16:01:10::SCWBifWriter::bitstream found in the design
TRACE::2021-04-29.16:01:10::SCWBifWriter::Found a baremetal domain, proc: ps7_cortexa9_0
TRACE::2021-04-29.16:01:10::SCWBifWriter::proc type : 
TRACE::2021-04-29.16:01:10::SCWBifWriter::proc[0] : ps7_cortexa9_0
TRACE::2021-04-29.16:01:10::SCWBifWriter::Device type is : zynq
TRACE::2021-04-29.16:01:10::SCWBifWriter::Writing BIF to file : D:/Workspace/EE234_FinalProject_system/Debug/system.bif
TRACE::2021-04-29.16:01:10::SCWBifWriter::Writing the Zynq Baremetal bif 
TRACE::2021-04-29.16:04:18::SCWBifWriter::Found the complete platform D:/Workspace/blackboard_bist/export/blackboard_bist/blackboard_bist.xpfm
TRACE::2021-04-29.16:04:19::SCWBifWriter::hardware databse : system_wrapper_58
TRACE::2021-04-29.16:04:19::SCWBifWriter::bitstream found in the design
TRACE::2021-04-29.16:04:19::SCWBifWriter::Found a baremetal domain, proc: ps7_cortexa9_0
TRACE::2021-04-29.16:04:19::SCWBifWriter::proc type : 
TRACE::2021-04-29.16:04:19::SCWBifWriter::proc[0] : ps7_cortexa9_0
TRACE::2021-04-29.16:04:19::SCWBifWriter::Device type is : zynq
TRACE::2021-04-29.16:04:19::SCWBifWriter::Writing BIF to file : D:/Workspace/EE234_FinalProject_system/Debug/system.bif
TRACE::2021-04-29.16:04:19::SCWBifWriter::Writing the Zynq Baremetal bif 
TRACE::2021-04-29.16:49:34::SCWBifWriter::Found the complete platform D:/Workspace/blackboard_bist/export/blackboard_bist/blackboard_bist.xpfm
TRACE::2021-04-29.16:49:34::SCWBifWriter::hardware databse : system_wrapper
TRACE::2021-04-29.16:49:34::SCWBifWriter::bitstream found in the design
TRACE::2021-04-29.16:49:34::SCWBifWriter::Found a baremetal domain, proc: ps7_cortexa9_0
TRACE::2021-04-29.16:49:34::SCWBifWriter::proc type : 
TRACE::2021-04-29.16:49:34::SCWBifWriter::proc[0] : ps7_cortexa9_0
TRACE::2021-04-29.16:49:34::SCWBifWriter::Device type is : zynq
TRACE::2021-04-29.16:49:34::SCWBifWriter::Writing BIF to file : D:/Workspace/EE234_FinalProject_system/Debug/system.bif
TRACE::2021-04-29.16:49:34::SCWBifWriter::Writing the Zynq Baremetal bif 
TRACE::2021-04-29.16:56:12::SCWBifWriter::Found the complete platform D:/Workspace/blackboard_bist/export/blackboard_bist/blackboard_bist.xpfm
TRACE::2021-04-29.16:56:12::SCWBifWriter::hardware databse : system_wrapper_0
TRACE::2021-04-29.16:56:12::SCWBifWriter::bitstream found in the design
TRACE::2021-04-29.16:56:12::SCWBifWriter::Found a baremetal domain, proc: ps7_cortexa9_0
TRACE::2021-04-29.16:56:12::SCWBifWriter::proc type : 
TRACE::2021-04-29.16:56:12::SCWBifWriter::proc[0] : ps7_cortexa9_0
TRACE::2021-04-29.16:56:12::SCWBifWriter::Device type is : zynq
TRACE::2021-04-29.16:56:12::SCWBifWriter::Writing BIF to file : D:/Workspace/EE234_FinalProject_system/Debug/system.bif
TRACE::2021-04-29.16:56:12::SCWBifWriter::Writing the Zynq Baremetal bif 
TRACE::2021-04-29.17:11:45::SCWBifWriter::Found the complete platform D:/Workspace/blackboard_bist/export/blackboard_bist/blackboard_bist.xpfm
TRACE::2021-04-29.17:11:45::SCWBifWriter::hardware databse : system_wrapper_3
TRACE::2021-04-29.17:11:45::SCWBifWriter::bitstream found in the design
TRACE::2021-04-29.17:11:45::SCWBifWriter::Found a baremetal domain, proc: ps7_cortexa9_0
TRACE::2021-04-29.17:11:45::SCWBifWriter::proc type : 
TRACE::2021-04-29.17:11:45::SCWBifWriter::proc[0] : ps7_cortexa9_0
TRACE::2021-04-29.17:11:45::SCWBifWriter::Device type is : zynq
TRACE::2021-04-29.17:11:45::SCWBifWriter::Writing BIF to file : D:/Workspace/EE234_FinalProject_system/Debug/system.bif
TRACE::2021-04-29.17:11:45::SCWBifWriter::Writing the Zynq Baremetal bif 
TRACE::2021-04-29.17:13:26::SCWBifWriter::Found the complete platform D:/Workspace/blackboard_bist/export/blackboard_bist/blackboard_bist.xpfm
TRACE::2021-04-29.17:13:26::SCWBifWriter::hardware databse : system_wrapper_4
TRACE::2021-04-29.17:13:26::SCWBifWriter::bitstream found in the design
TRACE::2021-04-29.17:13:26::SCWBifWriter::Found a baremetal domain, proc: ps7_cortexa9_0
TRACE::2021-04-29.17:13:26::SCWBifWriter::proc type : 
TRACE::2021-04-29.17:13:26::SCWBifWriter::proc[0] : ps7_cortexa9_0
TRACE::2021-04-29.17:13:26::SCWBifWriter::Device type is : zynq
TRACE::2021-04-29.17:13:26::SCWBifWriter::Writing BIF to file : D:/Workspace/EE234_FinalProject_system/Debug/system.bif
TRACE::2021-04-29.17:13:26::SCWBifWriter::Writing the Zynq Baremetal bif 
TRACE::2021-04-29.17:16:13::SCWBifWriter::Found the complete platform D:/Workspace/blackboard_bist/export/blackboard_bist/blackboard_bist.xpfm
TRACE::2021-04-29.17:16:13::SCWBifWriter::hardware databse : system_wrapper_5
TRACE::2021-04-29.17:16:13::SCWBifWriter::bitstream found in the design
TRACE::2021-04-29.17:16:13::SCWBifWriter::Found a baremetal domain, proc: ps7_cortexa9_0
TRACE::2021-04-29.17:16:13::SCWBifWriter::proc type : 
TRACE::2021-04-29.17:16:13::SCWBifWriter::proc[0] : ps7_cortexa9_0
TRACE::2021-04-29.17:16:13::SCWBifWriter::Device type is : zynq
TRACE::2021-04-29.17:16:13::SCWBifWriter::Writing BIF to file : D:/Workspace/EE234_FinalProject_system/Debug/system.bif
TRACE::2021-04-29.17:16:13::SCWBifWriter::Writing the Zynq Baremetal bif 
TRACE::2021-04-29.17:19:04::SCWBifWriter::Found the complete platform D:/Workspace/blackboard_bist/export/blackboard_bist/blackboard_bist.xpfm
TRACE::2021-04-29.17:19:05::SCWBifWriter::hardware databse : system_wrapper_6
TRACE::2021-04-29.17:19:05::SCWBifWriter::bitstream found in the design
TRACE::2021-04-29.17:19:05::SCWBifWriter::Found a baremetal domain, proc: ps7_cortexa9_0
TRACE::2021-04-29.17:19:05::SCWBifWriter::proc type : 
TRACE::2021-04-29.17:19:05::SCWBifWriter::proc[0] : ps7_cortexa9_0
TRACE::2021-04-29.17:19:05::SCWBifWriter::Device type is : zynq
TRACE::2021-04-29.17:19:05::SCWBifWriter::Writing BIF to file : D:/Workspace/EE234_FinalProject_system/Debug/system.bif
TRACE::2021-04-29.17:19:05::SCWBifWriter::Writing the Zynq Baremetal bif 
TRACE::2021-04-29.17:21:29::SCWBifWriter::Found the complete platform D:/Workspace/blackboard_bist/export/blackboard_bist/blackboard_bist.xpfm
TRACE::2021-04-29.17:21:30::SCWBifWriter::hardware databse : system_wrapper_7
TRACE::2021-04-29.17:21:30::SCWBifWriter::bitstream found in the design
TRACE::2021-04-29.17:21:30::SCWBifWriter::Found a baremetal domain, proc: ps7_cortexa9_0
TRACE::2021-04-29.17:21:30::SCWBifWriter::proc type : 
TRACE::2021-04-29.17:21:30::SCWBifWriter::proc[0] : ps7_cortexa9_0
TRACE::2021-04-29.17:21:30::SCWBifWriter::Device type is : zynq
TRACE::2021-04-29.17:21:30::SCWBifWriter::Writing BIF to file : D:/Workspace/EE234_FinalProject_system/Debug/system.bif
TRACE::2021-04-29.17:21:30::SCWBifWriter::Writing the Zynq Baremetal bif 
TRACE::2021-04-29.17:23:28::SCWBifWriter::Found the complete platform D:/Workspace/blackboard_bist/export/blackboard_bist/blackboard_bist.xpfm
TRACE::2021-04-29.17:23:28::SCWBifWriter::hardware databse : system_wrapper_8
TRACE::2021-04-29.17:23:28::SCWBifWriter::bitstream found in the design
TRACE::2021-04-29.17:23:28::SCWBifWriter::Found a baremetal domain, proc: ps7_cortexa9_0
TRACE::2021-04-29.17:23:28::SCWBifWriter::proc type : 
TRACE::2021-04-29.17:23:28::SCWBifWriter::proc[0] : ps7_cortexa9_0
TRACE::2021-04-29.17:23:28::SCWBifWriter::Device type is : zynq
TRACE::2021-04-29.17:23:28::SCWBifWriter::Writing BIF to file : D:/Workspace/EE234_FinalProject_system/Debug/system.bif
TRACE::2021-04-29.17:23:28::SCWBifWriter::Writing the Zynq Baremetal bif 
TRACE::2021-04-29.17:27:47::SCWBifWriter::Found the complete platform D:/Workspace/blackboard_bist/export/blackboard_bist/blackboard_bist.xpfm
TRACE::2021-04-29.17:27:47::SCWBifWriter::hardware databse : system_wrapper_9
TRACE::2021-04-29.17:27:47::SCWBifWriter::bitstream found in the design
TRACE::2021-04-29.17:27:47::SCWBifWriter::Found a baremetal domain, proc: ps7_cortexa9_0
TRACE::2021-04-29.17:27:47::SCWBifWriter::proc type : 
TRACE::2021-04-29.17:27:47::SCWBifWriter::proc[0] : ps7_cortexa9_0
TRACE::2021-04-29.17:27:47::SCWBifWriter::Device type is : zynq
TRACE::2021-04-29.17:27:47::SCWBifWriter::Writing BIF to file : D:/Workspace/EE234_FinalProject_system/Debug/system.bif
TRACE::2021-04-29.17:27:47::SCWBifWriter::Writing the Zynq Baremetal bif 
TRACE::2021-04-29.17:31:53::SCWBifWriter::Found the complete platform D:/Workspace/blackboard_bist/export/blackboard_bist/blackboard_bist.xpfm
TRACE::2021-04-29.17:31:53::SCWBifWriter::hardware databse : system_wrapper_9
TRACE::2021-04-29.17:31:53::SCWBifWriter::bitstream found in the design
TRACE::2021-04-29.17:31:53::SCWBifWriter::Found a baremetal domain, proc: ps7_cortexa9_0
TRACE::2021-04-29.17:31:53::SCWBifWriter::proc type : 
TRACE::2021-04-29.17:31:53::SCWBifWriter::proc[0] : ps7_cortexa9_0
TRACE::2021-04-29.17:31:53::SCWBifWriter::Device type is : zynq
TRACE::2021-04-29.17:31:53::SCWBifWriter::Writing BIF to file : D:/Workspace/EE234_FinalProject_system/Debug/system.bif
TRACE::2021-04-29.17:31:53::SCWBifWriter::Writing the Zynq Baremetal bif 
TRACE::2021-04-29.17:49:39::SCWBifWriter::Found the complete platform D:/Workspace/blackboard_bist/export/blackboard_bist/blackboard_bist.xpfm
TRACE::2021-04-29.17:49:39::SCWBifWriter::hardware databse : system_wrapper_10
TRACE::2021-04-29.17:49:39::SCWBifWriter::bitstream found in the design
TRACE::2021-04-29.17:49:39::SCWBifWriter::Found a baremetal domain, proc: ps7_cortexa9_0
TRACE::2021-04-29.17:49:39::SCWBifWriter::proc type : 
TRACE::2021-04-29.17:49:39::SCWBifWriter::proc[0] : ps7_cortexa9_0
TRACE::2021-04-29.17:49:39::SCWBifWriter::Device type is : zynq
TRACE::2021-04-29.17:49:39::SCWBifWriter::Writing BIF to file : D:/Workspace/EE234_FinalProject_system/Debug/system.bif
TRACE::2021-04-29.17:49:39::SCWBifWriter::Writing the Zynq Baremetal bif 
TRACE::2021-04-29.17:57:02::SCWBifWriter::Found the complete platform D:/Workspace/blackboard_bist/export/blackboard_bist/blackboard_bist.xpfm
TRACE::2021-04-29.17:57:02::SCWBifWriter::hardware databse : system_wrapper_10
TRACE::2021-04-29.17:57:02::SCWBifWriter::bitstream found in the design
TRACE::2021-04-29.17:57:02::SCWBifWriter::Found a baremetal domain, proc: ps7_cortexa9_0
TRACE::2021-04-29.17:57:02::SCWBifWriter::proc type : 
TRACE::2021-04-29.17:57:02::SCWBifWriter::proc[0] : ps7_cortexa9_0
TRACE::2021-04-29.17:57:02::SCWBifWriter::Device type is : zynq
TRACE::2021-04-29.17:57:02::SCWBifWriter::Writing BIF to file : D:/Workspace/EE234_FinalProject_system/Debug/system.bif
TRACE::2021-04-29.17:57:02::SCWBifWriter::Writing the Zynq Baremetal bif 
TRACE::2021-04-29.18:00:12::SCWBifWriter::Found the complete platform D:/Workspace/blackboard_bist/export/blackboard_bist/blackboard_bist.xpfm
TRACE::2021-04-29.18:00:12::SCWBifWriter::hardware databse : system_wrapper
TRACE::2021-04-29.18:00:12::SCWBifWriter::bitstream found in the design
TRACE::2021-04-29.18:00:12::SCWBifWriter::Found a baremetal domain, proc: ps7_cortexa9_0
TRACE::2021-04-29.18:00:12::SCWBifWriter::proc type : 
TRACE::2021-04-29.18:00:12::SCWBifWriter::proc[0] : ps7_cortexa9_0
TRACE::2021-04-29.18:00:12::SCWBifWriter::Device type is : zynq
TRACE::2021-04-29.18:00:12::SCWBifWriter::Writing BIF to file : D:/Workspace/EE234_FinalProject_system/Debug/system.bif
TRACE::2021-04-29.18:00:12::SCWBifWriter::Writing the Zynq Baremetal bif 
TRACE::2021-04-29.18:00:58::SCWBifWriter::Found the complete platform D:/Workspace/blackboard_bist/export/blackboard_bist/blackboard_bist.xpfm
TRACE::2021-04-29.18:00:58::SCWBifWriter::hardware databse : system_wrapper
TRACE::2021-04-29.18:00:58::SCWBifWriter::bitstream found in the design
TRACE::2021-04-29.18:00:58::SCWBifWriter::Found a baremetal domain, proc: ps7_cortexa9_0
TRACE::2021-04-29.18:00:58::SCWBifWriter::proc type : 
TRACE::2021-04-29.18:00:58::SCWBifWriter::proc[0] : ps7_cortexa9_0
TRACE::2021-04-29.18:00:58::SCWBifWriter::Device type is : zynq
TRACE::2021-04-29.18:00:58::SCWBifWriter::Writing BIF to file : D:/Workspace/EE234_FinalProject_system/Debug/system.bif
TRACE::2021-04-29.18:00:58::SCWBifWriter::Writing the Zynq Baremetal bif 
TRACE::2021-04-29.18:28:37::SCWBifWriter::Found the complete platform D:/Workspace/blackboard_bist/export/blackboard_bist/blackboard_bist.xpfm
TRACE::2021-04-29.18:28:37::SCWBifWriter::hardware databse : system_wrapper_0
TRACE::2021-04-29.18:28:37::SCWBifWriter::bitstream found in the design
TRACE::2021-04-29.18:28:37::SCWBifWriter::Found a baremetal domain, proc: ps7_cortexa9_0
TRACE::2021-04-29.18:28:37::SCWBifWriter::proc type : 
TRACE::2021-04-29.18:28:37::SCWBifWriter::proc[0] : ps7_cortexa9_0
TRACE::2021-04-29.18:28:37::SCWBifWriter::Device type is : zynq
TRACE::2021-04-29.18:28:37::SCWBifWriter::Writing BIF to file : D:/Workspace/EE234_FinalProject_system/Debug/system.bif
TRACE::2021-04-29.18:28:37::SCWBifWriter::Writing the Zynq Baremetal bif 
TRACE::2021-04-29.18:45:04::SCWBifWriter::Found the complete platform D:/Workspace/blackboard_bist/export/blackboard_bist/blackboard_bist.xpfm
TRACE::2021-04-29.18:45:04::SCWBifWriter::hardware databse : system_wrapper_1
TRACE::2021-04-29.18:45:04::SCWBifWriter::bitstream found in the design
TRACE::2021-04-29.18:45:04::SCWBifWriter::Found a baremetal domain, proc: ps7_cortexa9_0
TRACE::2021-04-29.18:45:04::SCWBifWriter::proc type : 
TRACE::2021-04-29.18:45:04::SCWBifWriter::proc[0] : ps7_cortexa9_0
TRACE::2021-04-29.18:45:04::SCWBifWriter::Device type is : zynq
TRACE::2021-04-29.18:45:04::SCWBifWriter::Writing BIF to file : D:/Workspace/EE234_FinalProject_system/Debug/system.bif
TRACE::2021-04-29.18:45:04::SCWBifWriter::Writing the Zynq Baremetal bif 
TRACE::2021-04-29.20:23:45::SCWBifWriter::Found the complete platform D:/Workspace/blackboard_bist/export/blackboard_bist/blackboard_bist.xpfm
TRACE::2021-04-29.20:23:45::SCWBifWriter::hardware databse : system_wrapper
TRACE::2021-04-29.20:23:45::SCWBifWriter::bitstream found in the design
TRACE::2021-04-29.20:23:45::SCWBifWriter::Found a baremetal domain, proc: ps7_cortexa9_0
TRACE::2021-04-29.20:23:45::SCWBifWriter::proc type : 
TRACE::2021-04-29.20:23:45::SCWBifWriter::proc[0] : ps7_cortexa9_0
TRACE::2021-04-29.20:23:45::SCWBifWriter::Device type is : zynq
TRACE::2021-04-29.20:23:45::SCWBifWriter::Writing BIF to file : D:/Workspace/EE234_FinalProject_system/Debug/system.bif
TRACE::2021-04-29.20:23:45::SCWBifWriter::Writing the Zynq Baremetal bif 
TRACE::2021-04-29.20:24:08::SCWBifWriter::Found the complete platform D:/Workspace/blackboard_bist/export/blackboard_bist/blackboard_bist.xpfm
TRACE::2021-04-29.20:24:08::SCWBifWriter::hardware databse : system_wrapper
TRACE::2021-04-29.20:24:08::SCWBifWriter::bitstream found in the design
TRACE::2021-04-29.20:24:08::SCWBifWriter::Found a baremetal domain, proc: ps7_cortexa9_0
TRACE::2021-04-29.20:24:08::SCWBifWriter::proc type : 
TRACE::2021-04-29.20:24:08::SCWBifWriter::proc[0] : ps7_cortexa9_0
TRACE::2021-04-29.20:24:08::SCWBifWriter::Device type is : zynq
TRACE::2021-04-29.20:24:08::SCWBifWriter::Writing BIF to file : D:/Workspace/EE234_FinalProject_system/Debug/system.bif
TRACE::2021-04-29.20:24:08::SCWBifWriter::Writing the Zynq Baremetal bif 
TRACE::2021-04-29.20:25:52::SCWBifWriter::Found the complete platform D:/Workspace/blackboard_bist/export/blackboard_bist/blackboard_bist.xpfm
TRACE::2021-04-29.20:25:53::SCWBifWriter::hardware databse : system_wrapper
TRACE::2021-04-29.20:25:53::SCWBifWriter::bitstream found in the design
TRACE::2021-04-29.20:25:53::SCWBifWriter::Found a baremetal domain, proc: ps7_cortexa9_0
TRACE::2021-04-29.20:25:53::SCWBifWriter::proc type : 
TRACE::2021-04-29.20:25:53::SCWBifWriter::proc[0] : ps7_cortexa9_0
TRACE::2021-04-29.20:25:53::SCWBifWriter::Device type is : zynq
TRACE::2021-04-29.20:25:53::SCWBifWriter::Writing BIF to file : D:/Workspace/EE234_FinalProject_system/Debug/system.bif
TRACE::2021-04-29.20:25:53::SCWBifWriter::Writing the Zynq Baremetal bif 
TRACE::2021-07-14.17:24:47::SCWBifWriter::Found the complete platform D:/Workspace/blackboard_bist/export/blackboard_bist/blackboard_bist.xpfm
TRACE::2021-07-14.17:24:47::SCWBifWriter::hardware databse : system_wrapper_0
TRACE::2021-07-14.17:24:47::SCWBifWriter::bitstream found in the design
TRACE::2021-07-14.17:24:47::SCWBifWriter::Found a baremetal domain, proc: ps7_cortexa9_0
TRACE::2021-07-14.17:24:47::SCWBifWriter::proc type : 
TRACE::2021-07-14.17:24:47::SCWBifWriter::proc[0] : ps7_cortexa9_0
TRACE::2021-07-14.17:24:47::SCWBifWriter::Device type is : zynq
TRACE::2021-07-14.17:24:47::SCWBifWriter::Writing BIF to file : D:/Workspace/EE234_FinalProject_system/Debug/system.bif
TRACE::2021-07-14.17:24:47::SCWBifWriter::Writing the Zynq Baremetal bif 
TRACE::2021-07-15.20:02:38::SCWBifWriter::Found the complete platform D:/Workspace/blackboard_bist/export/blackboard_bist/blackboard_bist.xpfm
TRACE::2021-07-15.20:02:38::SCWBifWriter::hardware databse : system_wrapper_0
TRACE::2021-07-15.20:02:38::SCWBifWriter::bitstream found in the design
TRACE::2021-07-15.20:02:38::SCWBifWriter::Found a baremetal domain, proc: ps7_cortexa9_0
TRACE::2021-07-15.20:02:38::SCWBifWriter::proc type : 
TRACE::2021-07-15.20:02:38::SCWBifWriter::proc[0] : ps7_cortexa9_0
TRACE::2021-07-15.20:02:38::SCWBifWriter::Device type is : zynq
TRACE::2021-07-15.20:02:38::SCWBifWriter::Writing BIF to file : D:/Workspace/EE234_FinalProject_system/Debug/system.bif
TRACE::2021-07-15.20:02:38::SCWBifWriter::Writing the Zynq Baremetal bif 
