TRACE::2021-04-27.19:45:54::SCWBifWriter::Found the complete platform D:/Workspace/blackboard_bist/export/blackboard_bist/blackboard_bist.xpfm
TRACE::2021-04-27.19:45:54::SCWBifWriter::hardware databse : system_wrapper
TRACE::2021-04-27.19:45:54::SCWBifWriter::bitstream found in the design
TRACE::2021-04-27.19:45:54::SCWBifWriter::Found a baremetal domain, proc: ps7_cortexa9_0
TRACE::2021-04-27.19:45:54::SCWBifWriter::proc type : 
TRACE::2021-04-27.19:45:54::SCWBifWriter::proc[0] : ps7_cortexa9_0
TRACE::2021-04-27.19:45:54::SCWBifWriter::Device type is : zynq
TRACE::2021-04-27.19:45:54::SCWBifWriter::Writing BIF to file : D:/Workspace/EE234_proj7_system/Debug/system.bif
TRACE::2021-04-27.19:45:54::SCWBifWriter::Writing the Zynq Baremetal bif 
TRACE::2021-04-28.14:53:04::SCWBifWriter::Found the complete platform D:/Workspace/blackboard_bist/export/blackboard_bist/blackboard_bist.xpfm
TRACE::2021-04-28.14:53:04::SCWBifWriter::hardware databse : system_wrapper
TRACE::2021-04-28.14:53:04::SCWBifWriter::bitstream found in the design
TRACE::2021-04-28.14:53:04::SCWBifWriter::Found a baremetal domain, proc: ps7_cortexa9_0
TRACE::2021-04-28.14:53:04::SCWBifWriter::proc type : 
TRACE::2021-04-28.14:53:04::SCWBifWriter::proc[0] : ps7_cortexa9_0
TRACE::2021-04-28.14:53:04::SCWBifWriter::Device type is : zynq
TRACE::2021-04-28.14:53:04::SCWBifWriter::Writing BIF to file : D:/Workspace/EE234_proj7_system/Debug/system.bif
TRACE::2021-04-28.14:53:04::SCWBifWriter::Writing the Zynq Baremetal bif 
TRACE::2021-04-29.09:48:29::SCWBifWriter::Found the complete platform D:/Workspace/blackboard_bist/export/blackboard_bist/blackboard_bist.xpfm
TRACE::2021-04-29.09:48:29::SCWBifWriter::hardware databse : system_wrapper_14
TRACE::2021-04-29.09:48:29::SCWBifWriter::bitstream found in the design
TRACE::2021-04-29.09:48:29::SCWBifWriter::Found a baremetal domain, proc: ps7_cortexa9_0
TRACE::2021-04-29.09:48:29::SCWBifWriter::proc type : 
TRACE::2021-04-29.09:48:29::SCWBifWriter::proc[0] : ps7_cortexa9_0
TRACE::2021-04-29.09:48:29::SCWBifWriter::Device type is : zynq
TRACE::2021-04-29.09:48:29::SCWBifWriter::Writing BIF to file : D:/Workspace/EE234_proj7_system/Debug/system.bif
TRACE::2021-04-29.09:48:29::SCWBifWriter::Writing the Zynq Baremetal bif 
TRACE::2021-04-29.11:59:33::SCWBifWriter::Found the complete platform D:/Workspace/blackboard_bist/export/blackboard_bist/blackboard_bist.xpfm
TRACE::2021-04-29.11:59:33::SCWBifWriter::hardware databse : system_wrapper_48
TRACE::2021-04-29.11:59:33::SCWBifWriter::bitstream found in the design
TRACE::2021-04-29.11:59:33::SCWBifWriter::Found a baremetal domain, proc: ps7_cortexa9_0
TRACE::2021-04-29.11:59:33::SCWBifWriter::proc type : 
TRACE::2021-04-29.11:59:33::SCWBifWriter::proc[0] : ps7_cortexa9_0
TRACE::2021-04-29.11:59:33::SCWBifWriter::Device type is : zynq
TRACE::2021-04-29.11:59:33::SCWBifWriter::Writing BIF to file : D:/Workspace/EE234_proj7_system/Debug/system.bif
TRACE::2021-04-29.11:59:33::SCWBifWriter::Writing the Zynq Baremetal bif 
TRACE::2021-07-14.17:24:24::SCWBifWriter::Found the complete platform D:/Workspace/blackboard_bist/export/blackboard_bist/blackboard_bist.xpfm
TRACE::2021-07-14.17:24:24::SCWBifWriter::hardware databse : system_wrapper_0
TRACE::2021-07-14.17:24:24::SCWBifWriter::bitstream found in the design
TRACE::2021-07-14.17:24:24::SCWBifWriter::Found a baremetal domain, proc: ps7_cortexa9_0
TRACE::2021-07-14.17:24:24::SCWBifWriter::proc type : 
TRACE::2021-07-14.17:24:24::SCWBifWriter::proc[0] : ps7_cortexa9_0
TRACE::2021-07-14.17:24:24::SCWBifWriter::Device type is : zynq
TRACE::2021-07-14.17:24:24::SCWBifWriter::Writing BIF to file : D:/Workspace/EE234_proj7_system/Debug/system.bif
TRACE::2021-07-14.17:24:24::SCWBifWriter::Writing the Zynq Baremetal bif 
TRACE::2021-07-15.20:02:15::SCWBifWriter::Found the complete platform D:/Workspace/blackboard_bist/export/blackboard_bist/blackboard_bist.xpfm
TRACE::2021-07-15.20:02:15::SCWBifWriter::hardware databse : system_wrapper_0
TRACE::2021-07-15.20:02:15::SCWBifWriter::bitstream found in the design
TRACE::2021-07-15.20:02:15::SCWBifWriter::Found a baremetal domain, proc: ps7_cortexa9_0
TRACE::2021-07-15.20:02:15::SCWBifWriter::proc type : 
TRACE::2021-07-15.20:02:15::SCWBifWriter::proc[0] : ps7_cortexa9_0
TRACE::2021-07-15.20:02:15::SCWBifWriter::Device type is : zynq
TRACE::2021-07-15.20:02:15::SCWBifWriter::Writing BIF to file : D:/Workspace/EE234_proj7_system/Debug/system.bif
TRACE::2021-07-15.20:02:15::SCWBifWriter::Writing the Zynq Baremetal bif 
