TRACE::2021-04-20.16:40:19::SCWBifWriter::Found the complete platform D:/Workspace/blackboard_bist/export/blackboard_bist/blackboard_bist.xpfm
TRACE::2021-04-20.16:40:19::SCWBifWriter::hardware databse : system_wrapper_35
TRACE::2021-04-20.16:40:19::SCWBifWriter::bitstream found in the design
TRACE::2021-04-20.16:40:19::SCWBifWriter::Found a baremetal domain, proc: ps7_cortexa9_0
TRACE::2021-04-20.16:40:19::SCWBifWriter::proc type : 
TRACE::2021-04-20.16:40:19::SCWBifWriter::proc[0] : ps7_cortexa9_0
TRACE::2021-04-20.16:40:19::SCWBifWriter::Device type is : zynq
TRACE::2021-04-20.16:40:19::SCWBifWriter::Writing BIF to file : D:/Workspace/EE234_proj6_system/Debug/system.bif
TRACE::2021-04-20.16:40:19::SCWBifWriter::Writing the Zynq Baremetal bif 
TRACE::2021-04-22.15:32:29::SCWBifWriter::Found the complete platform D:/Workspace/blackboard_bist/export/blackboard_bist/blackboard_bist.xpfm
TRACE::2021-04-22.15:32:29::SCWBifWriter::hardware databse : system_wrapper
TRACE::2021-04-22.15:32:29::SCWBifWriter::bitstream found in the design
TRACE::2021-04-22.15:32:29::SCWBifWriter::Found a baremetal domain, proc: ps7_cortexa9_0
TRACE::2021-04-22.15:32:29::SCWBifWriter::proc type : 
TRACE::2021-04-22.15:32:29::SCWBifWriter::proc[0] : ps7_cortexa9_0
TRACE::2021-04-22.15:32:29::SCWBifWriter::Device type is : zynq
TRACE::2021-04-22.15:32:29::SCWBifWriter::Writing BIF to file : D:/Workspace/EE234_proj6_system/Debug/system.bif
TRACE::2021-04-22.15:32:29::SCWBifWriter::Writing the Zynq Baremetal bif 
TRACE::2021-04-27.19:45:57::SCWBifWriter::Found the complete platform D:/Workspace/blackboard_bist/export/blackboard_bist/blackboard_bist.xpfm
TRACE::2021-04-27.19:45:57::SCWBifWriter::hardware databse : system_wrapper
TRACE::2021-04-27.19:45:57::SCWBifWriter::bitstream found in the design
TRACE::2021-04-27.19:45:57::SCWBifWriter::Found a baremetal domain, proc: ps7_cortexa9_0
TRACE::2021-04-27.19:45:57::SCWBifWriter::proc type : 
TRACE::2021-04-27.19:45:57::SCWBifWriter::proc[0] : ps7_cortexa9_0
TRACE::2021-04-27.19:45:57::SCWBifWriter::Device type is : zynq
TRACE::2021-04-27.19:45:57::SCWBifWriter::Writing BIF to file : D:/Workspace/EE234_proj6_system/Debug/system.bif
TRACE::2021-04-27.19:45:57::SCWBifWriter::Writing the Zynq Baremetal bif 
TRACE::2021-04-28.14:53:07::SCWBifWriter::Found the complete platform D:/Workspace/blackboard_bist/export/blackboard_bist/blackboard_bist.xpfm
TRACE::2021-04-28.14:53:07::SCWBifWriter::hardware databse : system_wrapper
TRACE::2021-04-28.14:53:07::SCWBifWriter::bitstream found in the design
TRACE::2021-04-28.14:53:07::SCWBifWriter::Found a baremetal domain, proc: ps7_cortexa9_0
TRACE::2021-04-28.14:53:07::SCWBifWriter::proc type : 
TRACE::2021-04-28.14:53:07::SCWBifWriter::proc[0] : ps7_cortexa9_0
TRACE::2021-04-28.14:53:07::SCWBifWriter::Device type is : zynq
TRACE::2021-04-28.14:53:07::SCWBifWriter::Writing BIF to file : D:/Workspace/EE234_proj6_system/Debug/system.bif
TRACE::2021-04-28.14:53:07::SCWBifWriter::Writing the Zynq Baremetal bif 
TRACE::2021-04-29.09:48:32::SCWBifWriter::Found the complete platform D:/Workspace/blackboard_bist/export/blackboard_bist/blackboard_bist.xpfm
TRACE::2021-04-29.09:48:32::SCWBifWriter::hardware databse : system_wrapper_14
TRACE::2021-04-29.09:48:32::SCWBifWriter::bitstream found in the design
TRACE::2021-04-29.09:48:32::SCWBifWriter::Found a baremetal domain, proc: ps7_cortexa9_0
TRACE::2021-04-29.09:48:32::SCWBifWriter::proc type : 
TRACE::2021-04-29.09:48:32::SCWBifWriter::proc[0] : ps7_cortexa9_0
TRACE::2021-04-29.09:48:32::SCWBifWriter::Device type is : zynq
TRACE::2021-04-29.09:48:32::SCWBifWriter::Writing BIF to file : D:/Workspace/EE234_proj6_system/Debug/system.bif
TRACE::2021-04-29.09:48:32::SCWBifWriter::Writing the Zynq Baremetal bif 
TRACE::2021-04-29.11:59:36::SCWBifWriter::Found the complete platform D:/Workspace/blackboard_bist/export/blackboard_bist/blackboard_bist.xpfm
TRACE::2021-04-29.11:59:36::SCWBifWriter::hardware databse : system_wrapper_48
TRACE::2021-04-29.11:59:36::SCWBifWriter::bitstream found in the design
TRACE::2021-04-29.11:59:36::SCWBifWriter::Found a baremetal domain, proc: ps7_cortexa9_0
TRACE::2021-04-29.11:59:36::SCWBifWriter::proc type : 
TRACE::2021-04-29.11:59:36::SCWBifWriter::proc[0] : ps7_cortexa9_0
TRACE::2021-04-29.11:59:36::SCWBifWriter::Device type is : zynq
TRACE::2021-04-29.11:59:36::SCWBifWriter::Writing BIF to file : D:/Workspace/EE234_proj6_system/Debug/system.bif
TRACE::2021-04-29.11:59:36::SCWBifWriter::Writing the Zynq Baremetal bif 
TRACE::2021-07-14.17:24:28::SCWBifWriter::Found the complete platform D:/Workspace/blackboard_bist/export/blackboard_bist/blackboard_bist.xpfm
TRACE::2021-07-14.17:24:28::SCWBifWriter::hardware databse : system_wrapper_0
TRACE::2021-07-14.17:24:28::SCWBifWriter::bitstream found in the design
TRACE::2021-07-14.17:24:28::SCWBifWriter::Found a baremetal domain, proc: ps7_cortexa9_0
TRACE::2021-07-14.17:24:28::SCWBifWriter::proc type : 
TRACE::2021-07-14.17:24:28::SCWBifWriter::proc[0] : ps7_cortexa9_0
TRACE::2021-07-14.17:24:28::SCWBifWriter::Device type is : zynq
TRACE::2021-07-14.17:24:28::SCWBifWriter::Writing BIF to file : D:/Workspace/EE234_proj6_system/Debug/system.bif
TRACE::2021-07-14.17:24:28::SCWBifWriter::Writing the Zynq Baremetal bif 
TRACE::2021-07-15.20:02:19::SCWBifWriter::Found the complete platform D:/Workspace/blackboard_bist/export/blackboard_bist/blackboard_bist.xpfm
TRACE::2021-07-15.20:02:19::SCWBifWriter::hardware databse : system_wrapper_0
TRACE::2021-07-15.20:02:19::SCWBifWriter::bitstream found in the design
TRACE::2021-07-15.20:02:19::SCWBifWriter::Found a baremetal domain, proc: ps7_cortexa9_0
TRACE::2021-07-15.20:02:19::SCWBifWriter::proc type : 
TRACE::2021-07-15.20:02:19::SCWBifWriter::proc[0] : ps7_cortexa9_0
TRACE::2021-07-15.20:02:19::SCWBifWriter::Device type is : zynq
TRACE::2021-07-15.20:02:19::SCWBifWriter::Writing BIF to file : D:/Workspace/EE234_proj6_system/Debug/system.bif
TRACE::2021-07-15.20:02:19::SCWBifWriter::Writing the Zynq Baremetal bif 
